=== Мониторинг приложения на порту 3010 ===
Начало: Чт мая  7 08:56:10 MSK 2026
Интервал: 2 секунды
-------------------------------------------
Время           | CPU% | MEM% | RSS_MB | Потоки
-------------------------------------------
08:56:10         | 12.7 |  0.8 |    140 |     12
08:56:12         | 14.2 |  1.2 |    201 |     12
08:56:14         | 13.8 |  1.3 |    216 |     12
08:56:16         | 13.3 |  1.3 |    222 |     12
08:56:18         | 12.9 |  1.4 |    207 |     12
08:56:20         | 12.7 |  1.3 |    223 |     12
08:56:22         | 12.3 |  1.4 |    228 |     12
08:56:24         | 11.9 |  1.2 |    207 |     12
08:56:26         | 11.5 |  1.2 |    204 |     12
08:56:28         | 11.9 |  0.9 |    156 |     12
08:56:31         | 11.6 |  0.9 |    157 |     12
08:56:33         | 11.4 |  0.9 |    149 |     12
08:56:35         | 11.2 |  0.9 |    157 |     12
08:56:37         | 11.0 |  0.9 |    157 |     12
08:56:39         | 10.9 |  0.9 |    152 |     12
08:56:41         | 10.6 |  0.9 |    157 |     12
08:56:43         | 10.5 |  0.9 |    153 |     12
08:56:45         | 10.3 |  0.9 |    157 |     12
08:56:47         | 10.1 |  0.9 |    153 |     12
08:56:49         | 10.0 |  0.9 |    157 |     12
08:56:51         |  9.9 |  0.9 |    149 |     12
08:56:53         |  9.8 |  0.9 |    153 |     12
08:56:55         |  9.8 |  0.9 |    153 |     12
08:56:57         |  9.7 |  0.9 |    154 |     12
08:56:59         |  9.6 |  0.9 |    154 |     12
08:57:01         |  9.5 |  0.9 |    154 |     12
08:57:03         |  9.3 |  0.9 |    154 |     12
08:57:06         |  9.3 |  1.0 |    161 |     12
08:57:08         |  9.2 |  0.9 |    154 |     12
08:57:10         |  9.1 |  0.9 |    154 |     12
08:57:12         |  9.1 |  0.9 |    154 |     12
08:57:14         |  9.7 |  1.2 |    201 |     12
08:57:16         |  9.5 |  1.2 |    201 |     12
08:57:18         |  9.4 |  1.3 |    215 |     12
08:57:20         |  9.4 |  1.2 |    205 |     12
08:57:22         |  9.3 |  1.3 |    221 |     12
08:57:24         |  9.2 |  1.4 |    226 |     12
08:57:26         |  9.2 |  1.3 |    221 |     12
08:57:28         |  9.2 |  1.3 |    221 |     12
08:57:30         |  9.2 |  1.3 |    215 |     12
08:57:32         |  9.2 |  1.3 |    215 |     12
08:57:34         |  9.2 |  1.4 |    226 |     12
08:57:36         |  9.0 |  1.3 |    215 |     12
08:57:39         |  9.2 |  0.9 |    146 |     12
08:57:41         |  9.2 |  0.9 |    153 |     12
08:57:43         |  9.1 |  1.0 |    160 |     12
08:57:45         |  9.1 |  0.9 |    154 |     12
08:57:47         |  9.1 |  0.9 |    154 |     12
08:57:49         |  9.0 |  0.9 |    154 |     12
08:57:51         |  8.9 |  0.9 |    154 |     12
08:57:53         |  9.0 |  0.9 |    159 |     12
08:57:55         |  9.0 |  0.9 |    155 |     12
08:57:57         |  9.0 |  0.9 |    155 |     12
08:57:59         |  8.9 |  0.9 |    155 |     12
08:58:01         |  8.8 |  0.9 |    155 |     12
08:58:03         |  8.8 |  0.9 |    155 |     12
08:58:05         |  8.8 |  1.0 |    160 |     12
08:58:07         |  8.8 |  0.9 |    155 |     12
08:58:09         |  8.7 |  0.9 |    155 |     12
08:58:11         |  8.7 |  0.9 |    156 |     12
08:58:14         |  8.7 |  0.9 |    156 |     12
08:58:16         |  8.7 |  0.9 |    156 |     12
08:58:18         |  9.0 |  1.2 |    202 |     12
08:58:20         |  8.9 |  1.2 |    202 |     12
08:58:22         |  8.8 |  1.3 |    216 |     12
08:58:24         |  8.8 |  1.4 |    227 |     12
08:58:26         |  8.8 |  1.2 |    206 |     12
08:58:28         |  8.7 |  1.2 |    206 |     12
08:58:30         |  8.7 |  1.2 |    206 |     12
08:58:32         |  8.7 |  1.2 |    206 |     12
08:58:34         |  8.6 |  1.2 |    206 |     12
08:58:36         |  8.6 |  1.2 |    206 |     12
08:58:38         |  8.5 |  1.2 |    206 |     12
08:58:40         |  8.5 |  1.2 |    206 |     12
08:58:42         |  8.5 |  1.2 |    208 |     12
08:58:44         |  8.4 |  1.2 |    207 |     12
08:58:46         |  8.3 |  1.2 |    207 |     12
08:58:49         |  8.3 |  1.2 |    207 |     12
08:58:51         |  8.3 |  1.3 |    211 |     12
08:58:53         |  8.2 |  1.2 |    207 |     12
08:58:55         |  8.2 |  1.2 |    207 |     12
08:58:57         |  8.2 |  1.2 |    203 |     12
08:58:59         |  8.2 |  1.2 |    207 |     12
08:59:01         |  8.1 |  1.2 |    207 |     12
08:59:03         |  8.1 |  1.2 |    207 |     12
08:59:05         |  8.0 |  1.2 |    207 |     12
08:59:07         |  8.0 |  1.2 |    207 |     12
08:59:09         |  8.0 |  1.3 |    211 |     12
08:59:11         |  8.0 |  1.2 |    207 |     12
08:59:13         |  7.9 |  1.2 |    207 |     12
08:59:15         |  7.9 |  1.2 |    207 |     12
08:59:17         |  7.9 |  1.2 |    203 |     12
08:59:19         |  7.8 |  1.3 |    211 |     12
08:59:21         |  7.9 |  1.3 |    219 |     12
08:59:24         |  7.9 |  1.3 |    223 |     12
08:59:26         |  7.9 |  1.5 |    240 |     12
08:59:28         |  7.9 |  1.3 |    220 |     12
08:59:30         |  7.9 |  1.5 |    240 |     12
08:59:32         |  7.9 |  1.4 |    229 |     12
08:59:34         |  7.8 |  1.4 |    234 |     12
08:59:36         |  7.8 |  1.4 |    229 |     12
08:59:38         |  7.8 |  1.5 |    240 |     12
08:59:40         |  7.7 |  1.3 |    218 |     12
08:59:42         |  7.7 |  1.4 |    234 |     12
08:59:44         |  7.7 |  1.3 |    218 |     12
08:59:46         |  7.8 |  0.9 |    157 |     12
08:59:48         |  7.9 |  1.0 |    161 |     12
08:59:50         |  7.8 |  0.9 |    156 |     12
08:59:52         |  7.8 |  1.0 |    161 |     12
08:59:54         |  7.7 |  0.9 |    156 |     12
08:59:57         |  7.7 |  0.9 |    156 |     12
08:59:59         |  7.7 |  0.9 |    156 |     12
09:00:01         |  7.7 |  0.9 |    153 |     12
09:00:03         |  7.7 |  0.9 |    156 |     12
09:00:05         |  7.7 |  0.9 |    156 |     12
09:00:07         |  7.6 |  1.0 |    161 |     12
09:00:09         |  7.6 |  0.9 |    157 |     12
09:00:11         |  7.6 |  1.0 |    161 |     12
09:00:13         |  7.6 |  0.9 |    157 |     12
09:00:15         |  7.6 |  1.0 |    162 |     12
09:00:17         |  7.6 |  0.9 |    158 |     12
09:00:19         |  7.6 |  0.9 |    158 |     12
09:00:21         |  7.5 |  0.9 |    159 |     12
09:00:23         |  7.5 |  0.9 |    159 |     12
09:00:25         |  7.7 |  1.2 |    202 |     12
09:00:27         |  7.7 |  1.3 |    209 |     12
09:00:29         |  7.7 |  1.3 |    220 |     12
09:00:31         |  7.6 |  1.2 |    204 |     12
09:00:34         |  7.6 |  1.2 |    204 |     12
09:00:36         |  7.6 |  1.2 |    204 |     12
09:00:38         |  7.6 |  1.2 |    204 |     12
09:00:40         |  7.6 |  0.9 |    154 |     12
09:00:42         |  7.6 |  0.9 |    159 |     12
09:00:44         |  7.6 |  0.9 |    159 |     12
09:00:46         |  7.6 |  0.9 |    155 |     12
09:00:48         |  7.6 |  0.9 |    159 |     12
09:00:50         |  7.6 |  0.9 |    155 |     12
09:00:52         |  7.6 |  0.9 |    155 |     12
09:00:54         |  7.6 |  0.9 |    152 |     12
09:00:56         |  7.6 |  0.9 |    155 |     12
09:00:58         |  7.5 |  1.0 |    160 |     12
09:01:00         |  7.5 |  0.9 |    155 |     12
09:01:02         |  7.5 |  1.0 |    160 |     12
09:01:04         |  7.5 |  0.9 |    155 |     12
09:01:07         |  7.4 |  0.9 |    152 |     12
09:01:09         |  7.4 |  1.0 |    160 |     12
09:01:11         |  7.4 |  0.9 |    155 |     12
09:01:13         |  7.4 |  0.9 |    155 |     12
09:01:15         |  7.4 |  1.0 |    160 |     12
09:01:17         |  7.4 |  0.9 |    155 |     12
09:01:19         |  7.3 |  0.9 |    155 |     12
09:01:21         |  7.3 |  0.9 |    155 |     12
09:01:23         |  7.3 |  0.9 |    156 |     12
09:01:25         |  7.3 |  1.0 |    160 |     12
09:01:27         |  7.3 |  0.9 |    156 |     12
09:01:29         |  7.4 |  1.2 |    202 |     12
09:01:31         |  7.4 |  1.3 |    210 |     12
09:01:33         |  7.4 |  1.4 |    226 |     12
09:01:35         |  7.4 |  1.3 |    216 |     12
09:01:37         |  7.4 |  1.4 |    227 |     12
09:01:39         |  7.3 |  1.2 |    206 |     12
09:01:42         |  7.3 |  1.3 |    221 |     12
09:01:44         |  7.3 |  1.4 |    227 |     12
09:01:46         |  7.3 |  1.2 |    206 |     12
09:01:48         |  7.3 |  1.2 |    206 |     12
09:01:50         |  7.3 |  1.3 |    210 |     12
09:01:52         |  7.2 |  1.2 |    206 |     12
09:01:54         |  7.3 |  0.9 |    159 |     12
09:01:56         |  7.3 |  0.9 |    155 |     12
09:01:58         |  7.3 |  1.0 |    159 |     12
09:02:00         |  7.3 |  1.0 |    160 |     12
09:02:02         |  7.3 |  0.9 |    155 |     12
09:02:04         |  7.3 |  0.9 |    155 |     12
09:02:06         |  7.2 |  1.0 |    163 |     12
09:02:08         |  7.2 |  0.9 |    157 |     12
09:02:10         |  7.2 |  0.9 |    157 |     12
09:02:12         |  7.2 |  0.9 |    157 |     12
09:02:15         |  7.2 |  1.0 |    161 |     12
09:02:17         |  7.2 |  0.9 |    154 |     12
09:02:19         |  7.2 |  1.0 |    162 |     12
09:02:21         |  7.2 |  0.9 |    157 |     12
09:02:23         |  7.2 |  0.9 |    157 |     12
09:02:25         |  7.2 |  0.9 |    154 |     12
09:02:27         |  7.2 |  0.9 |    157 |     12
09:02:29         |  7.2 |  0.9 |    157 |     12
09:02:31         |  7.2 |  1.0 |    162 |     12
09:02:33         |  7.3 |  1.3 |    208 |     12
09:02:35         |  7.3 |  1.3 |    208 |     12
09:02:37         |  7.3 |  1.3 |    217 |     12
09:02:39         |  7.2 |  1.4 |    228 |     12
09:02:41         |  7.2 |  1.2 |    207 |     12
09:02:43         |  7.2 |  1.3 |    217 |     12
09:02:45         |  7.2 |  1.3 |    223 |     12
09:02:47         |  7.2 |  1.3 |    207 |     12
09:02:50         |  7.1 |  1.3 |    218 |     12
09:02:52         |  7.1 |  1.3 |    218 |     12
09:02:54         |  7.1 |  1.3 |    218 |     12
09:02:56         |  7.0 |  1.3 |    218 |     12
09:02:58         |  7.1 |  0.9 |    159 |     12
09:03:00         |  7.1 |  0.9 |    155 |     12
09:03:02         |  7.1 |  0.9 |    152 |     12
09:03:04         |  7.1 |  0.9 |    155 |     12
09:03:06         |  7.1 |  1.0 |    160 |     12
09:03:08         |  7.1 |  1.0 |    160 |     12
09:03:10         |  7.1 |  0.9 |    156 |     12
09:03:12         |  7.1 |  0.9 |    156 |     12
09:03:14         |  7.1 |  0.9 |    157 |     12
09:03:16         |  7.0 |  0.9 |    158 |     12
09:03:18         |  7.0 |  0.9 |    153 |     12
09:03:20         |  7.0 |  1.0 |    161 |     12
09:03:22         |  7.0 |  0.9 |    157 |     12
09:03:25         |  7.0 |  0.9 |    157 |     12
09:03:27         |  7.0 |  0.9 |    157 |     12
09:03:29         |  7.0 |  0.9 |    157 |     12
09:03:31         |  7.0 |  0.9 |    157 |     12
09:03:33         |  7.0 |  0.9 |    157 |     12
09:03:35         |  7.0 |  0.9 |    157 |     12
09:03:37         |  7.1 |  1.2 |    203 |     12
09:03:39         |  7.1 |  1.3 |    211 |     12
09:03:41         |  7.1 |  1.3 |    222 |     12
09:03:43         |  7.1 |  1.3 |    216 |     12
09:03:45         |  7.1 |  1.4 |    228 |     12
09:03:47         |  7.1 |  1.3 |    216 |     12
09:03:49         |  7.0 |  1.3 |    216 |     12
09:03:51         |  7.0 |  1.3 |    216 |     12
09:03:53         |  7.0 |  1.3 |    216 |     12
09:03:55         |  6.9 |  1.3 |    216 |     12
09:03:57         |  6.9 |  1.3 |    216 |     12
09:04:00         |  6.9 |  1.3 |    222 |     12
09:04:02         |  7.0 |  0.9 |    155 |     12
09:04:04         |  7.0 |  0.9 |    159 |     12
09:04:06         |  7.0 |  0.9 |    155 |     12
09:04:08         |  7.0 |  0.9 |    159 |     12
09:04:10         |  7.0 |  0.9 |    155 |     12
09:04:12         |  7.0 |  0.9 |    155 |     12
09:04:14         |  6.9 |  0.9 |    155 |     12
09:04:16         |  6.9 |  0.9 |    157 |     12
09:04:18         |  6.9 |  0.9 |    159 |     12
09:04:20         |  6.9 |  0.9 |    157 |     12
09:04:22         |  6.9 |  0.9 |    157 |     12
09:04:24         |  6.9 |  1.0 |    162 |     12
09:04:26         |  6.9 |  0.9 |    157 |     12
09:04:28         |  6.9 |  1.0 |    162 |     12
09:04:30         |  6.9 |  0.9 |    157 |     12
09:04:32         |  6.9 |  1.0 |    162 |     12
09:04:35         |  6.9 |  0.9 |    157 |     12
09:04:37         |  6.9 |  0.9 |    157 |     12
09:04:39         |  6.9 |  0.9 |    157 |     12
09:04:41         |  7.0 |  1.2 |    204 |     12
09:04:43         |  6.9 |  1.3 |    212 |     12
09:04:45         |  6.9 |  1.4 |    229 |     12
09:04:47         |  6.9 |  1.3 |    208 |     12
09:04:49         |  6.9 |  1.3 |    208 |     12
09:04:51         |  6.9 |  1.3 |    208 |     12
09:04:53         |  6.9 |  1.3 |    208 |     12
09:04:55         |  6.8 |  1.3 |    208 |     12
09:04:57         |  6.8 |  1.3 |    208 |     12
09:04:59         |  6.8 |  1.4 |    224 |     12
09:05:01         |  6.8 |  1.4 |    229 |     12
09:05:03         |  6.8 |  0.9 |    156 |     12
09:05:05         |  6.8 |  1.0 |    160 |     12
09:05:08         |  6.8 |  0.9 |    155 |     12
09:05:10         |  6.8 |  0.9 |    155 |     12
09:05:12         |  6.8 |  0.9 |    155 |     12
09:05:14         |  6.8 |  1.0 |    160 |     12
09:05:16         |  6.8 |  0.9 |    155 |     12
09:05:18         |  6.8 |  0.9 |    152 |     12
09:05:20         |  6.8 |  0.9 |    156 |     12
09:05:22         |  6.8 |  0.9 |    157 |     12
09:05:24         |  6.8 |  0.9 |    157 |     12
09:05:26         |  6.8 |  0.9 |    157 |     12
09:05:28         |  6.8 |  1.0 |    162 |     12
09:05:30         |  6.8 |  0.9 |    157 |     12
09:05:32         |  6.7 |  1.0 |    162 |     12
09:05:34         |  6.7 |  1.0 |    162 |     12
09:05:36         |  6.7 |  1.0 |    156 |     12
09:05:38         |  6.7 |  0.9 |    158 |     12
09:05:40         |  6.7 |  0.9 |    158 |     12
09:05:43         |  6.8 |  1.2 |    206 |     12
09:05:45         |  6.8 |  1.2 |    206 |     12
09:05:47         |  6.8 |  1.4 |    225 |     12
09:05:49         |  6.8 |  1.4 |    231 |     12
09:05:51         |  6.8 |  1.4 |    231 |     12
09:05:53         |  6.7 |  1.4 |    231 |     12
09:05:55         |  6.7 |  1.4 |    231 |     12
09:05:57         |  6.7 |  1.4 |    231 |     12
09:05:59         |  6.7 |  1.3 |    210 |     12
09:06:01         |  6.7 |  1.4 |    226 |     12
09:06:03         |  6.7 |  1.4 |    231 |     12
09:06:05         |  6.7 |  1.3 |    220 |     12
09:06:07         |  6.7 |  1.0 |    160 |     12
09:06:09         |  6.7 |  1.0 |    161 |     12
