=== Мониторинг приложения на порту 3010 ===
Начало: Вт мая  5 10:12:23 MSK 2026
Интервал: 2 секунды
-------------------------------------------
Время           | CPU% | MEM% | RSS_MB | Потоки
-------------------------------------------
10:12:23         | 10.7 |  0.7 |    123 |     12
10:12:25         | 14.7 |  1.2 |    205 |     12
10:12:27         | 10.8 |  1.3 |    211 |     12
10:12:29         | 10.2 |  1.4 |    231 |     12
10:12:32         | 10.7 |  1.5 |    241 |     12
10:12:34         | 10.7 |  1.6 |    256 |     12
10:12:36         | 10.2 |  1.6 |    256 |     12
10:12:38         | 10.3 |  1.7 |    275 |     12
10:12:40         | 10.8 |  1.7 |    275 |     12
10:12:42         | 10.5 |  1.7 |    276 |     12
10:12:44         | 10.6 |  1.8 |    297 |     12
10:12:46         | 11.3 |  1.8 |    301 |     12
10:12:48         | 11.4 |  1.9 |    319 |     12
10:12:50         | 11.3 |  2.0 |    335 |     12
10:12:52         | 11.1 |  2.1 |    341 |     12
10:12:54         | 11.9 |  2.1 |    345 |     12
10:12:56         | 11.8 |  2.2 |    364 |     12
10:12:58         | 11.5 |  2.3 |    368 |     12
10:13:01         | 11.5 |  2.4 |    384 |     12
10:13:03         | 11.2 |  2.4 |    384 |     12
10:13:05         | 11.0 |  2.4 |    385 |     12
10:13:07         | 11.1 |  2.5 |    406 |     12
10:13:09         | 10.9 |  2.5 |    410 |     12
10:13:11         | 10.9 |  2.6 |    427 |     12
10:13:13         | 10.9 |  2.7 |    443 |     12
10:13:15         | 10.8 |  2.8 |    449 |     12
10:13:17         | 10.6 |  2.8 |    453 |     12
10:13:19         | 10.7 |  2.9 |    472 |     12
10:13:21         | 10.6 |  2.9 |    475 |     12
10:13:23         | 10.8 |  3.0 |    481 |     12
10:13:25         | 10.6 |  3.0 |    485 |     12
10:13:28         | 10.7 |  3.0 |    482 |     12
10:13:30         | 10.5 |  3.0 |    482 |     12
10:13:32         | 10.7 |  2.9 |    472 |     12
10:13:34         | 10.6 |  3.0 |    483 |     12
10:13:36         | 10.7 |  3.0 |    479 |     12
10:13:38         | 10.5 |  3.0 |    483 |     12
10:13:40         | 10.6 |  3.0 |    479 |     12
10:13:42         | 10.4 |  3.0 |    479 |     12
10:13:44         | 10.3 |  3.0 |    483 |     12
10:13:46         | 10.3 |  3.0 |    480 |     12
10:13:48         | 10.2 |  3.0 |    483 |     12
10:13:50         | 10.2 |  3.0 |    482 |     12
10:13:52         | 10.1 |  3.0 |    482 |     12
10:13:55         | 10.0 |  3.0 |    486 |     12
10:13:57         | 10.0 |  3.0 |    482 |     12
10:13:59         |  9.9 |  3.0 |    486 |     12
10:14:01         | 10.0 |  3.0 |    482 |     12
10:14:03         |  9.8 |  3.0 |    482 |     12
10:14:05         |  9.9 |  3.0 |    482 |     12
10:14:07         |  9.8 |  3.0 |    482 |     12
10:14:09         |  9.6 |  3.0 |    485 |     12
10:14:11         |  9.7 |  3.0 |    482 |     12
10:14:13         |  9.6 |  3.0 |    485 |     12
10:14:15         |  9.7 |  3.0 |    482 |     12
10:14:17         |  9.6 |  3.0 |    486 |     12
10:14:19         |  9.5 |  3.0 |    482 |     12
10:14:21         |  9.4 |  3.0 |    485 |     12
10:14:24         |  9.7 |  3.0 |    482 |     12
10:14:26         |  9.5 |  3.0 |    482 |     12
10:14:28         |  9.7 |  3.0 |    482 |     12
10:14:30         |  9.6 |  3.0 |    490 |     12
10:14:32         |  9.5 |  3.0 |    490 |     12
10:14:34         |  9.6 |  3.0 |    486 |     12
10:14:36         |  9.5 |  3.0 |    490 |     12
10:14:38         |  9.6 |  3.0 |    486 |     12
10:14:40         |  9.6 |  3.0 |    490 |     12
10:14:42         |  9.6 |  3.0 |    486 |     12
10:14:44         |  9.5 |  3.0 |    490 |     12
10:14:46         |  9.7 |  3.0 |    486 |     12
10:14:48         |  9.6 |  3.0 |    490 |     12
10:14:51         |  9.7 |  3.0 |    486 |     12
10:14:53         |  9.6 |  3.0 |    486 |     12
10:14:55         |  9.6 |  3.0 |    486 |     12
10:14:57         |  9.5 |  3.0 |    486 |     12
10:14:59         |  9.6 |  3.0 |    486 |     12
10:15:01         |  9.5 |  3.0 |    486 |     12
10:15:03         |  9.6 |  3.0 |    486 |     12
10:15:05         |  9.5 |  3.0 |    486 |     12
10:15:07         |  9.6 |  3.0 |    486 |     12
10:15:09         |  9.5 |  3.0 |    486 |     12
10:15:11         |  9.6 |  3.0 |    486 |     12
10:15:13         |  9.5 |  3.0 |    486 |     12
10:15:15         |  9.5 |  3.0 |    486 |     12
10:15:18         |  9.5 |  3.0 |    486 |     12
10:15:20         |  9.5 |  3.0 |    487 |     12
10:15:22         |  9.4 |  3.0 |    487 |     12
10:15:24         |  9.4 |  3.0 |    490 |     12
10:15:26         |  9.4 |  3.0 |    487 |     12
10:15:28         |  9.4 |  3.0 |    487 |     12
10:15:30         |  9.5 |  3.0 |    487 |     12
10:15:32         |  9.4 |  3.0 |    487 |     12
10:15:34         |  9.4 |  3.0 |    491 |     12
10:15:36         |  9.4 |  3.0 |    487 |     12
10:15:38         |  9.4 |  3.0 |    487 |     12
10:15:40         |  9.3 |  3.0 |    491 |     12
10:15:42         |  9.3 |  3.0 |    487 |     12
10:15:45         |  9.3 |  3.0 |    491 |     12
10:15:47         |  9.3 |  3.0 |    487 |     12
10:15:49         |  9.2 |  3.0 |    490 |     12
10:15:51         |  9.2 |  3.0 |    487 |     12
10:15:53         |  9.1 |  3.0 |    487 |     12
10:15:55         |  9.1 |  3.0 |    490 |     12
10:15:57         |  9.1 |  3.0 |    487 |     12
10:15:59         |  9.0 |  3.0 |    490 |     12
10:16:01         |  9.0 |  3.0 |    487 |     12
10:16:03         |  9.1 |  3.0 |    487 |     12
10:16:05         |  9.0 |  3.0 |    487 |     12
10:16:07         |  9.0 |  3.0 |    487 |     12
10:16:09         |  8.9 |  3.0 |    487 |     12
10:16:12         |  8.9 |  3.0 |    487 |     12
10:16:14         |  8.9 |  3.0 |    487 |     12
10:16:16         |  8.8 |  3.0 |    489 |     12
10:16:18         |  8.8 |  3.0 |    487 |     12
10:16:20         |  8.8 |  3.0 |    490 |     12
10:16:22         |  8.8 |  3.0 |    487 |     12
10:16:24         |  8.8 |  3.0 |    490 |     12
10:16:26         |  8.8 |  3.0 |    487 |     12
10:16:28         |  8.7 |  3.0 |    490 |     12
10:16:30         |  8.7 |  3.0 |    487 |     12
10:16:32         |  8.7 |  3.0 |    487 |     12
10:16:34         |  8.6 |  3.0 |    487 |     12
10:16:36         |  8.7 |  3.0 |    487 |     12
10:16:39         |  8.7 |  3.0 |    487 |     12
10:16:41         |  8.6 |  3.0 |    487 |     12
10:16:43         |  8.6 |  3.0 |    490 |     12
10:16:45         |  8.7 |  3.0 |    487 |     12
10:16:47         |  8.6 |  3.0 |    487 |     12
10:16:49         |  8.6 |  3.0 |    487 |     12
10:16:51         |  8.6 |  3.0 |    490 |     12
10:16:53         |  8.7 |  3.0 |    487 |     12
10:16:55         |  8.6 |  3.0 |    490 |     12
10:16:57         |  8.6 |  3.0 |    487 |     12
10:16:59         |  8.6 |  3.0 |    487 |     12
10:17:01         |  8.6 |  3.0 |    487 |     12
10:17:03         |  8.5 |  3.0 |    487 |     12
10:17:05         |  8.5 |  3.0 |    490 |     12
10:17:08         |  8.6 |  3.0 |    487 |     12
10:17:10         |  8.5 |  3.0 |    490 |     12
10:17:12         |  8.5 |  3.0 |    487 |     12
10:17:14         |  8.5 |  3.0 |    490 |     12
10:17:16         |  8.6 |  3.0 |    487 |     12
10:17:18         |  8.6 |  3.0 |    491 |     12
10:17:20         |  8.6 |  3.0 |    487 |     12
10:17:22         |  8.6 |  3.0 |    491 |     12
10:17:24         |  8.6 |  3.0 |    487 |     12
10:17:26         |  8.6 |  3.0 |    487 |     12
10:17:28         |  8.5 |  3.0 |    491 |     12
10:17:30         |  8.5 |  3.0 |    487 |     12
10:17:32         |  8.5 |  3.0 |    491 |     12
10:17:35         |  8.5 |  3.0 |    487 |     12
10:17:37         |  8.5 |  3.0 |    491 |     12
10:17:39         |  8.5 |  3.0 |    487 |     12
10:17:41         |  8.5 |  3.0 |    491 |     12
10:17:43         |  8.5 |  3.0 |    487 |     12
10:17:45         |  8.5 |  3.0 |    491 |     12
10:17:47         |  8.5 |  3.0 |    487 |     12
10:17:49         |  8.5 |  3.0 |    491 |     12
10:17:51         |  8.5 |  3.0 |    487 |     12
10:17:53         |  8.5 |  3.0 |    487 |     12
10:17:55         |  8.4 |  3.0 |    491 |     12
10:17:57         |  8.5 |  3.0 |    487 |     12
10:17:59         |  8.4 |  3.0 |    487 |     12
10:18:01         |  8.5 |  3.0 |    487 |     12
10:18:04         |  8.5 |  3.0 |    487 |     12
10:18:06         |  8.5 |  3.0 |    491 |     12
10:18:08         |  8.5 |  3.0 |    487 |     12
10:18:10         |  8.5 |  3.0 |    491 |     12
10:18:12         |  8.6 |  3.0 |    487 |     12
10:18:14         |  8.5 |  3.0 |    487 |     12
10:18:16         |  8.5 |  3.0 |    491 |     12
10:18:18         |  8.5 |  3.0 |    487 |     12
10:18:20         |  8.5 |  3.0 |    487 |     12
10:18:22         |  8.5 |  3.0 |    487 |     12
10:18:24         |  8.6 |  3.0 |    487 |     12
10:18:26         |  8.5 |  3.0 |    487 |     12
10:18:28         |  8.5 |  3.0 |    492 |     12
10:18:31         |  8.5 |  3.0 |    487 |     12
10:18:33         |  8.5 |  3.0 |    487 |     12
10:18:35         |  8.5 |  3.0 |    487 |     12
10:18:37         |  8.5 |  3.0 |    487 |     12
10:18:39         |  8.6 |  3.0 |    487 |     12
10:18:41         |  8.5 |  3.0 |    487 |     12
10:18:43         |  8.6 |  3.0 |    487 |     12
10:18:45         |  8.5 |  3.0 |    487 |     12
10:18:47         |  8.5 |  3.0 |    487 |     12
10:18:49         |  8.5 |  3.0 |    487 |     12
10:18:51         |  8.5 |  3.0 |    491 |     12
10:18:53         |  8.6 |  3.0 |    487 |     12
10:18:55         |  8.5 |  3.0 |    487 |     12
10:18:58         |  8.5 |  3.0 |    492 |     12
10:19:00         |  8.6 |  3.0 |    487 |     12
10:19:02         |  8.6 |  3.0 |    492 |     12
10:19:04         |  8.6 |  3.0 |    487 |     12
10:19:06         |  8.6 |  3.0 |    487 |     12
10:19:08         |  8.6 |  3.0 |    492 |     12
10:19:10         |  8.6 |  3.0 |    487 |     12
10:19:12         |  8.6 |  3.0 |    487 |     12
10:19:14         |  8.6 |  3.0 |    487 |     12
10:19:16         |  8.6 |  3.0 |    487 |     12
10:19:18         |  8.5 |  3.0 |    492 |     12
10:19:20         |  8.6 |  3.0 |    487 |     12
10:19:22         |  8.5 |  3.0 |    487 |     12
10:19:24         |  8.5 |  3.0 |    487 |     12
10:19:27         |  8.5 |  3.0 |    487 |     12
10:19:29         |  8.5 |  3.0 |    491 |     12
10:19:31         |  8.5 |  3.0 |    487 |     12
10:19:33         |  8.5 |  3.0 |    487 |     12
10:19:35         |  8.5 |  3.0 |    487 |     12
10:19:37         |  8.5 |  3.0 |    487 |     12
10:19:39         |  8.6 |  3.0 |    487 |     12
10:19:41         |  8.5 |  3.0 |    487 |     12
10:19:43         |  8.5 |  3.0 |    487 |     12
10:19:45         |  8.5 |  3.0 |    487 |     12
10:19:47         |  8.6 |  3.1 |    507 |     12
10:19:49         |  8.5 |  3.1 |    507 |     12
10:19:51         |  8.5 |  3.2 |    512 |     12
10:19:54         |  8.5 |  3.1 |    507 |     12
10:19:56         |  8.5 |  3.1 |    507 |     12
10:19:58         |  8.5 |  3.2 |    511 |     12
10:20:00         |  8.5 |  3.1 |    508 |     12
10:20:02         |  8.5 |  3.2 |    512 |     12
10:20:04         |  8.5 |  3.1 |    508 |     12
10:20:06         |  8.5 |  3.1 |    508 |     12
10:20:08         |  8.5 |  3.2 |    512 |     12
10:20:10         |  8.5 |  3.1 |    508 |     12
10:20:12         |  8.5 |  3.1 |    508 |     12
10:20:14         |  8.4 |  3.2 |    512 |     12
10:20:16         |  8.5 |  3.1 |    508 |     12
10:20:18         |  8.4 |  3.2 |    512 |     12
10:20:20         |  8.4 |  3.1 |    508 |     12
10:20:23         |  8.4 |  3.1 |    508 |     12
10:20:25         |  8.5 |  3.1 |    508 |     12
10:20:27         |  8.4 |  3.1 |    508 |     12
10:20:29         |  8.4 |  3.2 |    512 |     12
10:20:31         |  8.4 |  3.1 |    508 |     12
10:20:33         |  8.4 |  3.1 |    508 |     12
10:20:35         |  8.4 |  3.1 |    508 |     12
10:20:37         |  8.4 |  3.1 |    508 |     12
10:20:39         |  8.4 |  3.2 |    512 |     12
10:20:41         |  8.5 |  3.1 |    508 |     12
10:20:43         |  8.4 |  3.2 |    512 |     12
10:20:45         |  8.5 |  3.1 |    508 |     12
10:20:47         |  8.4 |  3.1 |    508 |     12
10:20:49         |  8.4 |  3.1 |    508 |     12
10:20:52         |  8.4 |  3.1 |    508 |     12
10:20:54         |  8.4 |  3.1 |    508 |     12
10:20:56         |  8.4 |  3.1 |    508 |     12
10:20:58         |  8.4 |  3.2 |    513 |     12
10:21:00         |  8.4 |  3.1 |    508 |     12
10:21:02         |  8.4 |  3.1 |    508 |     12
10:21:04         |  8.4 |  3.1 |    508 |     12
10:21:06         |  8.4 |  3.1 |    508 |     12
10:21:08         |  8.4 |  3.2 |    512 |     12
10:21:10         |  8.4 |  3.1 |    508 |     12
10:21:12         |  8.4 |  3.1 |    508 |     12
10:21:14         |  8.4 |  3.1 |    508 |     12
10:21:16         |  8.4 |  3.1 |    508 |     12
10:21:19         |  8.4 |  3.1 |    508 |     12
10:21:21         |  8.4 |  3.2 |    512 |     12
10:21:23         |  8.5 |  3.1 |    508 |     12
10:21:25         |  8.5 |  3.1 |    508 |     12
10:21:27         |  8.5 |  3.2 |    515 |     12
10:21:29         |  8.5 |  3.1 |    509 |     12
10:21:31         |  8.5 |  3.1 |    509 |     12
10:21:33         |  8.5 |  3.1 |    509 |     12
10:21:35         |  8.5 |  3.1 |    509 |     12
10:21:37         |  8.5 |  3.1 |    509 |     12
10:21:39         |  8.8 |  3.2 |    516 |     12
10:21:41         |  8.7 |  3.2 |    516 |     12
10:21:43         |  8.7 |  3.2 |    519 |     12
10:21:46         |  9.0 |  3.4 |    550 |     12
10:21:48         |  9.0 |  3.4 |    550 |     12
10:21:50         |  9.0 |  3.5 |    560 |     12
10:21:52         |  9.4 |  3.4 |    551 |     12
10:21:54         |  9.4 |  3.4 |    551 |     12
10:21:56         |  9.3 |  3.4 |    556 |     12
10:21:58         |  9.5 |  3.4 |    551 |     12
10:22:00         |  9.6 |  3.5 |    573 |     12
10:22:02         |  9.5 |  3.6 |    580 |     12
10:22:04         |  9.8 |  4.6 |    740 |     12
10:22:06         |  9.8 |  4.6 |    746 |     12
10:22:08         |  9.8 |  4.7 |    763 |     12
10:22:10         | 10.2 |  5.7 |    918 |     12
10:22:12         | 10.3 |  5.7 |    919 |     12
10:22:15         | 10.3 |  5.8 |    936 |     12
10:22:17         | 10.4 |  5.8 |    928 |     12
10:22:19         | 10.7 |  5.8 |    928 |     12
10:22:21         | 10.9 |  6.0 |    966 |     12
10:22:23         | 10.9 |  6.0 |    966 |     12
