=== Мониторинг приложения на порту 3010 ===
Начало: Вт мая  8 10:15:23 MSK 2026
Интервал: 2 секунды
-------------------------------------------
Время           | CPU% | MEM% | RSS_MB | Потоки
-------------------------------------------
10:15:23         | 12.5 |  0.7 |    123 |     12
10:15:25         | 16.2 |  1.2 |    215 |     12
10:15:27         | 12.8 |  1.4 |    222 |     12
10:15:29         | 11.9 |  1.5 |    243 |     12
10:15:32         | 13.0 |  1.5 |    253 |     12
10:15:34         | 12.7 |  1.7 |    269 |     12
10:15:36         | 12.5 |  1.7 |    269 |     12
10:15:38         | 12.0 |  1.8 |    289 |     12
10:15:40         | 13.0 |  1.8 |    289 |     12
10:15:42         | 12.5 |  1.8 |    290 |     12
10:15:44         | 12.7 |  1.9 |    312 |     12
10:15:46         | 13.2 |  1.9 |    316 |     12
10:15:48         | 13.5 |  2.0 |    335 |     12
10:15:50         | 13.3 |  2.1 |    352 |     12
10:15:52         | 13.2 |  2.2 |    358 |     12
10:15:54         | 13.7 |  2.2 |    362 |     12
10:15:56         | 13.9 |  2.3 |    382 |     12
10:15:58         | 13.7 |  2.4 |    386 |     12
10:16:01         | 13.4 |  2.5 |    403 |     12
10:16:03         | 13.2 |  2.5 |    403 |     12
10:16:05         | 12.9 |  2.5 |    404 |     12
10:16:07         | 13.3 |  2.6 |    426 |     12
10:16:09         | 12.9 |  2.6 |    431 |     12
10:16:11         | 13.0 |  2.7 |    448 |     12
10:16:13         | 13.2 |  2.8 |    465 |     12
10:16:15         | 12.8 |  2.9 |    471 |     12
10:16:17         | 12.6 |  2.9 |    476 |     12
10:16:19         | 12.9 |  3.0 |    496 |     12
10:16:21         | 12.6 |  3.0 |    499 |     12
10:16:23         | 12.9 |  3.2 |    505 |     12
10:16:25         | 12.5 |  3.2 |    509 |     12
10:16:28         | 12.9 |  3.2 |    506 |     12
10:16:30         | 12.4 |  3.2 |    506 |     12
10:16:32         | 12.8 |  3.0 |    496 |     12
10:16:34         | 12.7 |  3.2 |    507 |     12
10:16:36         | 12.9 |  3.2 |    503 |     12
10:16:38         | 12.5 |  3.2 |    507 |     12
10:16:40         | 12.6 |  3.2 |    503 |     12
10:16:42         | 12.4 |  3.2 |    503 |     12
10:16:44         | 12.3 |  3.2 |    507 |     12
10:16:46         | 12.3 |  3.2 |    504 |     12
10:16:48         | 12.2 |  3.2 |    507 |     12
10:16:50         | 12.3 |  3.2 |    506 |     12
10:16:52         | 12.1 |  3.2 |    506 |     12
10:16:55         | 12.0 |  3.2 |    510 |     12
10:16:57         | 12.2 |  3.2 |    506 |     12
10:16:59         | 11.7 |  3.2 |    510 |     12
10:17:01         | 12.2 |  3.2 |    506 |     12
10:17:03         | 11.7 |  3.2 |    506 |     12
10:17:05         | 11.8 |  3.2 |    506 |     12
10:17:07         | 11.7 |  3.2 |    506 |     12
10:17:09         | 11.5 |  3.2 |    509 |     12
10:17:11         | 11.7 |  3.2 |    506 |     12
10:17:13         | 11.6 |  3.2 |    509 |     12
10:17:15         | 11.7 |  3.2 |    506 |     12
10:17:17         | 11.4 |  3.2 |    510 |     12
10:17:19         | 11.7 |  3.2 |    506 |     12
10:17:21         | 11.2 |  3.2 |    509 |     12
10:17:24         | 11.6 |  3.2 |    506 |     12
10:17:26         | 11.3 |  3.2 |    506 |     12
10:17:28         | 11.8 |  3.2 |    506 |     12
10:17:30         | 11.5 |  3.2 |    515 |     12
10:17:32         | 11.3 |  3.2 |    515 |     12
10:17:34         | 11.4 |  3.2 |    510 |     12
10:17:36         | 11.3 |  3.2 |    515 |     12
10:17:38         | 11.6 |  3.2 |    510 |     12
10:17:40         | 11.5 |  3.2 |    515 |     12
10:17:42         | 11.6 |  3.2 |    510 |     12
10:17:44         | 11.6 |  3.2 |    515 |     12
10:17:46         | 11.8 |  3.2 |    510 |     12
10:17:48         | 11.4 |  3.2 |    515 |     12
10:17:51         | 11.7 |  3.2 |    510 |     12
10:17:53         | 11.5 |  3.2 |    510 |     12
10:17:55         | 11.4 |  3.2 |    510 |     12
10:17:57         | 11.5 |  3.2 |    510 |     12
10:17:59         | 11.7 |  3.2 |    510 |     12
10:18:01         | 11.5 |  3.2 |    510 |     12
10:18:03         | 11.6 |  3.2 |    510 |     12
10:18:05         | 11.3 |  3.2 |    510 |     12
10:18:07         | 11.4 |  3.2 |    510 |     12
10:18:09         | 11.3 |  3.2 |    510 |     12
10:18:11         | 11.6 |  3.2 |    510 |     12
10:18:13         | 11.5 |  3.2 |    510 |     12
10:18:15         | 11.4 |  3.2 |    510 |     12
10:18:18         | 11.3 |  3.2 |    510 |     12
10:18:20         | 11.5 |  3.2 |    511 |     12
10:18:22         | 11.2 |  3.2 |    511 |     12
10:18:24         | 11.4 |  3.2 |    515 |     12
10:18:26         | 11.2 |  3.2 |    511 |     12
10:18:28         | 11.2 |  3.2 |    511 |     12
10:18:30         | 11.5 |  3.2 |    511 |     12
10:18:32         | 11.3 |  3.2 |    511 |     12
10:18:34         | 11.2 |  3.2 |    516 |     12
10:18:36         | 11.4 |  3.2 |    511 |     12
10:18:38         | 11.3 |  3.2 |    511 |     12
10:18:40         | 11.2 |  3.2 |    516 |     12
10:18:42         | 11.2 |  3.2 |    511 |     12
10:18:45         | 11.2 |  3.2 |    516 |     12
10:18:47         | 11.3 |  3.2 |    511 |     12
10:18:49         | 11.1 |  3.2 |    515 |     12
10:18:51         | 11.0 |  3.2 |    511 |     12
10:18:53         | 11.0 |  3.2 |    511 |     12
10:18:55         | 10.9 |  3.2 |    515 |     12
10:18:57         | 11.1 |  3.2 |    511 |     12
10:18:59         | 10.9 |  3.2 |    515 |     12
10:19:01         | 10.9 |  3.2 |    511 |     12
10:19:03         | 10.9 |  3.2 |    511 |     12
10:19:05         | 11.0 |  3.2 |    511 |     12
10:19:07         | 11.0 |  3.2 |    511 |     12
10:19:09         | 10.7 |  3.2 |    511 |     12
10:19:12         | 10.7 |  3.2 |    511 |     12
10:19:14         | 10.9 |  3.2 |    511 |     12
10:19:16         | 10.8 |  3.2 |    513 |     12
10:19:18         | 10.8 |  3.2 |    511 |     12
10:19:20         | 10.8 |  3.2 |    515 |     12
10:19:22         | 10.6 |  3.2 |    511 |     12
10:19:24         | 10.6 |  3.2 |    515 |     12
10:19:26         | 10.6 |  3.2 |    511 |     12
10:19:28         | 10.7 |  3.2 |    515 |     12
10:19:30         | 10.7 |  3.2 |    511 |     12
10:19:32         | 10.5 |  3.2 |    511 |     12
10:19:34         | 10.6 |  3.2 |    511 |     12
10:19:36         | 10.5 |  3.2 |    511 |     12
10:19:39         | 10.7 |  3.2 |    511 |     12
10:19:41         | 10.6 |  3.2 |    511 |     12
10:19:43         | 10.4 |  3.2 |    515 |     12
10:19:45         | 10.7 |  3.2 |    511 |     12
10:19:47         | 10.4 |  3.2 |    511 |     12
10:19:49         | 10.4 |  3.2 |    511 |     12
10:19:51         | 10.6 |  3.2 |    515 |     12
10:19:53         | 10.7 |  3.2 |    511 |     12
10:19:55         | 10.6 |  3.2 |    515 |     12
10:19:57         | 10.4 |  3.2 |    511 |     12
10:19:59         | 10.5 |  3.2 |    511 |     12
10:20:01         | 10.6 |  3.2 |    511 |     12
10:20:03         | 10.5 |  3.2 |    511 |     12
10:20:05         | 10.4 |  3.2 |    515 |     12
10:20:08         | 10.6 |  3.2 |    511 |     12
10:20:10         | 10.4 |  3.2 |    515 |     12
10:20:12         | 10.4 |  3.2 |    511 |     12
10:20:14         | 10.5 |  3.2 |    515 |     12
10:20:16         | 10.4 |  3.2 |    511 |     12
10:20:18         | 10.6 |  3.2 |    516 |     12
10:20:20         | 10.5 |  3.2 |    511 |     12
10:20:22         | 10.6 |  3.2 |    516 |     12
10:20:24         | 10.6 |  3.2 |    511 |     12
10:20:26         | 10.5 |  3.2 |    511 |     12
10:20:28         | 10.5 |  3.2 |    516 |     12
10:20:30         | 10.3 |  3.2 |    511 |     12
10:20:32         | 10.3 |  3.2 |    516 |     12
10:20:35         | 10.4 |  3.2 |    511 |     12
10:20:37         | 10.3 |  3.2 |    516 |     12
10:20:39         | 10.4 |  3.2 |    511 |     12
10:20:41         | 10.5 |  3.2 |    516 |     12
10:20:43         | 10.3 |  3.2 |    511 |     12
10:20:45         | 10.3 |  3.2 |    516 |     12
10:20:47         | 10.5 |  3.2 |    511 |     12
10:20:49         | 10.5 |  3.2 |    516 |     12
10:20:51         | 10.3 |  3.2 |    511 |     12
10:20:53         | 10.3 |  3.2 |    511 |     12
10:20:55         | 10.4 |  3.2 |    516 |     12
10:20:57         | 10.5 |  3.2 |    511 |     12
10:20:59         | 10.3 |  3.2 |    511 |     12
10:21:01         | 10.5 |  3.2 |    511 |     12
10:21:04         | 10.3 |  3.2 |    511 |     12
10:21:06         | 10.5 |  3.2 |    516 |     12
10:21:08         | 10.3 |  3.2 |    511 |     12
10:21:10         | 10.5 |  3.2 |    516 |     12
10:21:12         | 10.5 |  3.2 |    511 |     12
10:21:14         | 10.4 |  3.2 |    511 |     12
10:21:16         | 10.3 |  3.2 |    516 |     12
10:21:18         | 10.5 |  3.2 |    511 |     12
10:21:20         | 10.4 |  3.2 |    511 |     12
10:21:22         | 10.5 |  3.2 |    511 |     12
10:21:24         | 10.4 |  3.2 |    511 |     12
10:21:26         | 10.3 |  3.2 |    511 |     12
10:21:28         | 10.4 |  3.2 |    517 |     12
10:21:31         | 10.5 |  3.2 |    511 |     12
10:21:33         | 10.3 |  3.2 |    511 |     12
10:21:35         | 10.4 |  3.2 |    511 |     12
10:21:37         | 10.3 |  3.2 |    511 |     12
10:21:39         | 10.4 |  3.2 |    511 |     12
10:21:41         | 10.5 |  3.2 |    511 |     12
10:21:43         | 10.5 |  3.2 |    511 |     12
10:21:45         | 10.5 |  3.2 |    511 |     12
10:21:47         | 10.4 |  3.2 |    511 |     12
10:21:49         | 10.4 |  3.2 |    511 |     12
10:21:51         | 10.3 |  3.2 |    516 |     12
10:21:53         | 10.6 |  3.2 |    511 |     12
10:21:55         | 10.5 |  3.2 |    511 |     12
10:21:58         | 10.5 |  3.2 |    517 |     12
10:22:00         | 10.6 |  3.2 |    511 |     12
10:22:02         | 10.4 |  3.2 |    517 |     12
10:22:04         | 10.6 |  3.2 |    511 |     12
10:22:06         | 10.5 |  3.2 |    511 |     12
10:22:08         | 10.6 |  3.2 |    517 |     12
10:22:10         | 10.6 |  3.2 |    511 |     12
10:22:12         | 10.5 |  3.2 |    511 |     12
10:22:14         | 10.6 |  3.2 |    511 |     12
10:22:16         | 10.4 |  3.2 |    511 |     12
10:22:18         | 10.5 |  3.2 |    517 |     12
10:22:20         | 10.6 |  3.2 |    511 |     12
10:22:22         | 10.4 |  3.2 |    511 |     12
10:22:24         | 10.5 |  3.2 |    511 |     12
10:22:27         | 10.3 |  3.2 |    511 |     12
10:22:29         | 10.4 |  3.2 |    516 |     12
10:22:31         | 10.4 |  3.2 |    511 |     12
10:22:33         | 10.5 |  3.2 |    511 |     12
10:22:35         | 10.3 |  3.2 |    511 |     12
10:22:37         | 10.3 |  3.2 |    511 |     12
10:22:39         | 10.4 |  3.2 |    511 |     12
10:22:41         | 10.5 |  3.2 |    511 |     12
10:22:43         | 10.3 |  3.2 |    511 |     12
10:22:45         | 10.3 |  3.2 |    511 |     12
10:22:47         | 10.4 |  3.3 |    532 |     12
10:22:49         | 10.5 |  3.3 |    532 |     12
10:22:51         | 10.3 |  3.4 |    538 |     12
10:22:54         | 10.5 |  3.3 |    532 |     12
10:22:56         | 10.3 |  3.3 |    532 |     12
10:22:58         | 10.4 |  3.4 |    537 |     12
10:23:00         | 10.4 |  3.3 |    533 |     12
10:23:02         | 10.3 |  3.4 |    538 |     12
10:23:04         | 10.5 |  3.3 |    533 |     12
10:23:06         | 10.3 |  3.3 |    533 |     12
10:23:08         | 10.4 |  3.4 |    538 |     12
10:23:10         | 10.5 |  3.3 |    533 |     12
10:23:12         | 10.4 |  3.3 |    533 |     12
10:23:14         | 10.3 |  3.4 |    538 |     12
10:23:16         | 10.5 |  3.3 |    533 |     12
10:23:18         | 10.3 |  3.4 |    538 |     12
10:23:20         | 10.4 |  3.3 |    533 |     12
10:23:23         | 10.3 |  3.3 |    533 |     12
10:23:25         | 10.5 |  3.3 |    533 |     12
10:23:27         | 10.4 |  3.3 |    533 |     12
10:23:29         | 10.3 |  3.4 |    538 |     12
10:23:31         | 10.3 |  3.3 |    533 |     12
10:23:33         | 10.4 |  3.3 |    533 |     12
10:23:35         | 10.3 |  3.3 |    533 |     12
10:23:37         | 10.2 |  3.3 |    533 |     12
10:23:39         | 10.4 |  3.4 |    538 |     12
10:23:41         | 10.3 |  3.3 |    533 |     12
10:23:43         | 10.4 |  3.4 |    538 |     12
10:23:45         | 10.4 |  3.3 |    533 |     12
10:23:47         | 10.4 |  3.3 |    533 |     12
10:23:49         | 10.3 |  3.3 |    533 |     12
10:23:52         | 10.3 |  3.3 |    533 |     12
10:23:54         | 10.2 |  3.3 |    533 |     12
10:23:56         | 10.4 |  3.3 |    533 |     12
10:23:58         | 10.3 |  3.4 |    539 |     12
10:24:00         | 10.4 |  3.3 |    533 |     12
10:24:02         | 10.4 |  3.3 |    533 |     12
10:24:04         | 10.3 |  3.3 |    533 |     12
10:24:06         | 10.2 |  3.3 |    533 |     12
10:24:08         | 10.4 |  3.4 |    538 |     12
10:24:10         | 10.2 |  3.3 |    533 |     12
10:24:12         | 10.3 |  3.3 |    533 |     12
10:24:14         | 10.4 |  3.3 |    533 |     12
10:24:16         | 10.2 |  3.3 |    533 |     12
10:24:19         | 10.4 |  3.3 |    533 |     12
10:24:21         | 10.3 |  3.4 |    538 |     12
10:24:23         | 10.5 |  3.3 |    533 |     12
10:24:25         | 10.5 |  3.3 |    533 |     12
10:24:27         | 10.3 |  3.4 |    541 |     12
10:24:29         | 10.5 |  3.3 |    534 |     12
10:24:31         | 10.4 |  3.3 |    534 |     12
10:24:33         | 10.4 |  3.3 |    534 |     12
10:24:35         | 10.5 |  3.3 |    534 |     12
10:24:37         | 10.3 |  3.3 |    534 |     12
10:24:39         | 10.8 |  3.4 |    542 |     12
10:24:41         | 10.7 |  3.4 |    542 |     12
10:24:43         | 10.6 |  3.4 |    545 |     12
10:24:46         | 11.0 |  3.6 |    578 |     12
10:24:48         | 10.9 |  3.6 |    578 |     12
10:24:50         | 10.8 |  3.7 |    588 |     12
10:24:52         | 11.4 |  3.6 |    579 |     12
10:24:54         | 11.3 |  3.6 |    579 |     12
10:24:56         | 11.2 |  3.6 |    584 |     12
10:24:58         | 11.6 |  3.6 |    579 |     12
10:25:00         | 11.5 |  3.7 |    602 |     12
10:25:02         | 11.5 |  3.8 |    609 |     12
10:25:04         | 11.7 |  4.8 |    777 |     12
10:25:06         | 11.8 |  4.8 |    783 |     12
10:25:08         | 11.9 |  4.9 |    801 |     12
10:25:10         | 12.2 |  6.0 |    964 |     12
10:25:12         | 12.3 |  6.0 |    965 |     12
10:25:15         | 12.4 |  6.1 |    983 |     12
10:25:17         | 12.5 |  6.1 |    974 |     12
10:25:19         | 12.7 |  6.1 |    974 |     12
10:25:21         | 12.9 |  6.3 |   1014 |     12
10:25:23         | 13.0 |  6.3 |   1014 |     12