=== Мониторинг приложения на порту 3010 ===
Начало: Вт мая  5 10:34:46 MSK 2026
Интервал: 2 секунды
-------------------------------------------
Время           | CPU% | MEM% | RSS_MB | Потоки
-------------------------------------------
10:34:46         | 11.3 |  1.0 |    175 |     12
10:34:48         | 11.0 |  1.9 |    311 |     12
10:34:50         | 11.4 |  1.9 |    311 |     12
10:34:52         | 11.0 |  1.9 |    311 |     12
10:34:54         | 11.4 |  1.9 |    318 |     12
10:34:56         | 11.5 |  2.3 |    374 |     12
10:34:58         | 11.1 |  2.4 |    394 |     12
10:35:00         | 11.3 |  2.5 |    412 |     12
10:35:02         | 11.5 |  2.6 |    419 |     12
10:35:04         | 11.4 |  2.9 |    467 |     12
10:35:06         | 11.1 |  2.9 |    467 |     12
10:35:09         | 11.2 |  3.0 |    487 |     12
10:35:11         | 11.3 |  3.3 |    532 |     12
10:35:13         | 11.3 |  3.3 |    542 |     12
10:35:15         | 11.3 |  3.3 |    542 |     12
10:35:17         | 11.6 |  3.7 |    594 |     12
10:35:19         | 11.4 |  3.7 |    596 |     12
10:35:21         | 11.6 |  3.7 |    597 |     12
10:35:23         | 11.8 |  3.7 |    598 |     12
10:35:25         | 11.7 |  3.7 |    601 |     12
10:35:27         | 11.5 |  3.7 |    598 |     12
10:35:29         | 11.6 |  3.7 |    605 |     12
10:35:31         | 11.8 |  3.7 |    601 |     12
10:35:33         | 11.6 |  3.7 |    601 |     12
10:35:35         | 11.5 |  3.7 |    601 |     12
10:35:38         | 11.8 |  3.7 |    604 |     12
10:35:40         | 11.5 |  3.7 |    601 |     12
10:35:42         | 11.6 |  3.7 |    601 |     12
10:35:44         | 11.7 |  3.7 |    601 |     12
10:35:46         | 11.9 |  3.8 |    618 |     12
10:35:48         | 11.6 |  4.1 |    660 |     12
10:35:50         | 11.8 |  4.1 |    660 |     12
10:35:52         | 11.9 |  4.2 |    685 |     12
10:35:54         | 12.0 |  4.5 |    726 |     12
10:35:56         | 11.7 |  4.6 |    742 |     12
10:35:58         | 11.7 |  4.6 |    742 |     12
10:36:00         | 12.0 |  4.6 |    747 |     12
10:36:02         | 12.1 |  4.6 |    743 |     12
10:36:05         | 11.7 |  4.6 |    743 |     12
10:36:07         | 11.8 |  4.6 |    743 |     12
10:36:09         | 12.1 |  4.6 |    743 |     12
10:36:11         | 11.8 |  4.6 |    743 |     12
10:36:13         | 12.0 |  4.6 |    743 |     12
10:36:15         | 12.2 |  4.6 |    746 |     12
10:36:17         | 12.1 |  4.6 |    743 |     12
10:36:19         | 11.9 |  4.6 |    743 |     12
10:36:21         | 12.2 |  4.6 |    743 |     12
10:36:23         | 11.9 |  4.6 |    743 |     12
10:36:25         | 12.1 |  4.6 |    743 |     12
10:36:27         | 12.3 |  4.6 |    743 |     12
10:36:29         | 12.2 |  4.6 |    743 |     12
10:36:31         | 12.1 |  4.6 |    743 |     12
10:36:34         | 12.3 |  4.6 |    750 |     12
10:36:36         | 12.2 |  4.6 |    743 |     12
10:36:38         | 12.5 |  4.6 |    743 |     12
10:36:40         | 12.2 |  4.6 |    743 |     12
10:36:42         | 12.4 |  4.6 |    746 |     12
10:36:44         | 12.1 |  4.6 |    750 |     12
10:36:46         | 12.4 |  4.6 |    743 |     12
10:36:48         | 12.5 |  4.6 |    743 |     12
10:36:50         | 12.5 |  4.6 |    743 |     12
10:36:52         | 12.2 |  4.6 |    743 |     12
10:36:54         | 12.4 |  4.6 |    747 |     12
10:36:56         | 12.7 |  4.6 |    743 |     12
10:36:58         | 12.5 |  4.6 |    750 |     12
10:37:00         | 12.6 |  4.6 |    743 |     12
10:37:03         | 12.4 |  4.6 |    743 |     12
10:37:05         | 12.6 |  4.6 |    743 |     12
10:37:07         | 12.7 |  4.6 |    744 |     12
10:37:09         | 12.6 |  4.6 |    744 |     12
10:37:11         | 12.5 |  4.6 |    744 |     12
10:37:13         | 12.7 |  4.6 |    744 |     12
10:37:15         | 12.4 |  4.6 |    744 |     12
10:37:17         | 12.7 |  4.6 |    744 |     12
10:37:19         | 12.5 |  4.6 |    744 |     12
10:37:21         | 12.6 |  4.6 |    750 |     12
10:37:23         | 12.6 |  4.7 |    763 |     12
10:37:25         | 12.7 |  4.8 |    768 |     12
10:37:27         | 12.5 |  4.9 |    793 |     12
10:37:30         | 12.7 |  4.9 |    797 |     12
10:37:32         | 12.8 |  4.9 |    797 |     12
10:37:34         | 12.6 |  5.0 |    801 |     12
10:37:36         | 12.7 |  5.0 |    805 |     12
10:37:38         | 13.0 |  4.9 |    797 |     12
10:37:40         | 13.0 |  4.9 |    797 |     12
10:37:42         | 12.7 |  5.0 |    805 |     12
10:37:44         | 13.0 |  4.9 |    797 |     12
10:37:46         | 13.1 |  4.9 |    797 |     12
10:37:48         | 12.9 |  5.0 |    805 |     12
10:37:50         | 13.0 |  5.0 |    799 |     12
10:37:52         | 12.8 |  5.0 |    803 |     12
10:37:54         | 12.9 |  5.0 |    803 |     12
10:37:57         | 13.1 |  5.0 |    806 |     12
10:37:59         | 12.9 |  5.0 |    799 |     12
10:38:01         | 13.1 |  5.0 |    803 |     12
10:38:03         | 12.9 |  5.0 |    799 |     12
10:38:05         | 13.0 |  5.0 |    799 |     12
10:38:07         | 13.1 |  5.0 |    799 |     12
10:38:09         | 13.0 |  5.0 |    799 |     12
10:38:11         | 13.2 |  5.0 |    803 |     12
10:38:13         | 12.9 |  5.0 |    806 |     12
10:38:15         | 13.1 |  5.0 |    799 |     12
10:38:17         | 13.2 |  5.0 |    799 |     12
10:38:19         | 13.3 |  5.0 |    803 |     12
10:38:21         | 13.2 |  5.0 |    799 |     12
10:38:24         | 13.1 |  5.0 |    799 |     12
10:38:26         | 13.3 |  5.0 |    799 |     12
10:38:28         | 13.2 |  5.0 |    803 |     12
10:38:30         | 13.3 |  5.0 |    799 |     12
10:38:32         | 13.4 |  5.0 |    799 |     12
10:38:34         | 13.1 |  5.0 |    799 |     12
10:38:36         | 13.4 |  5.0 |    799 |     12
10:38:38         | 13.3 |  5.0 |    799 |     12
10:38:40         | 13.2 |  5.0 |    799 |     12
10:38:42         | 13.3 |  5.0 |    807 |     12
10:38:44         | 13.4 |  5.0 |    800 |     12
10:38:46         | 13.6 |  5.0 |    804 |     12
10:38:48         | 13.3 |  5.0 |    804 |     12
10:38:51         | 13.5 |  5.0 |    813 |     12
10:38:53         | 13.3 |  5.0 |    804 |     12
10:38:55         | 13.4 |  5.0 |    804 |     12
10:38:57         | 13.6 |  5.0 |    804 |     12
10:38:59         | 13.4 |  5.0 |    804 |     12
10:39:01         | 13.5 |  5.0 |    804 |     12
10:39:03         | 13.5 |  5.0 |    804 |     12
10:39:05         | 13.4 |  5.0 |    804 |     12
10:39:07         | 13.6 |  5.0 |    804 |     12
10:39:09         | 13.4 |  5.0 |    804 |     12
10:39:11         | 13.5 |  5.0 |    804 |     12
10:39:13         | 13.6 |  5.0 |    804 |     12
10:39:15         | 13.5 |  5.0 |    808 |     12
10:39:18         | 13.7 |  5.0 |    805 |     12
10:39:20         | 13.5 |  5.0 |    805 |     12
10:39:22         | 13.7 |  5.0 |    805 |     12
10:39:24         | 13.6 |  5.0 |    808 |     12
10:39:26         | 13.6 |  5.0 |    805 |     12
10:39:28         | 13.8 |  5.0 |    809 |     12
10:39:30         | 13.7 |  5.0 |    805 |     12
10:39:32         | 13.7 |  5.0 |    808 |     12
10:39:34         | 13.9 |  5.0 |    805 |     12
10:39:36         | 13.6 |  5.0 |    805 |     12
10:39:38         | 13.8 |  5.0 |    812 |     12
10:39:40         | 13.8 |  5.0 |    805 |     12
10:39:43         | 13.9 |  5.0 |    805 |     12
10:39:45         | 13.7 |  5.0 |    809 |     12
10:39:47         | 13.9 |  5.0 |    809 |     12
10:39:49         | 14.0 |  5.0 |    813 |     12
10:39:51         | 13.7 |  5.0 |    805 |     12
10:39:53         | 13.8 |  5.0 |    805 |     12
10:39:55         | 13.9 |  5.0 |    805 |     12
10:39:57         | 13.8 |  5.2 |    845 |     12
10:39:59         | 14.0 |  5.3 |    850 |     12
10:40:01         | 14.1 |  5.5 |    882 |     12
10:40:03         | 14.1 |  5.6 |    898 |     12
10:40:05         | 13.9 |  5.6 |    898 |     12
10:40:08         | 14.0 |  5.6 |    902 |     12
10:40:10         | 14.0 |  5.6 |    906 |     12
10:40:12         | 14.2 |  5.6 |    898 |     12
10:40:14         | 14.0 |  5.6 |    898 |     12
10:40:16         | 14.0 |  5.6 |    898 |     12
10:40:18         | 14.2 |  5.6 |    898 |     12
10:40:20         | 14.0 |  5.6 |    898 |     12
10:40:22         | 14.1 |  5.6 |    902 |     12
10:40:24         | 14.0 |  5.6 |    898 |     12
10:40:26         | 14.0 |  5.6 |    898 |     12
10:40:28         | 14.3 |  5.6 |    898 |     12
10:40:30         | 14.2 |  5.6 |    898 |     12
10:40:32         | 14.2 |  5.6 |    909 |     12
10:40:35         | 14.1 |  5.6 |    898 |     12
10:40:37         | 14.2 |  5.6 |    901 |     12
10:40:39         | 14.3 |  5.6 |    902 |     12
10:40:41         | 14.1 |  5.6 |    898 |     12
10:40:43         | 14.3 |  5.6 |    901 |     12
10:40:45         | 14.2 |  5.6 |    898 |     12
10:40:47         | 14.4 |  5.6 |    898 |     12
10:40:49         | 14.5 |  5.6 |    898 |     12
10:40:51         | 14.4 |  5.6 |    898 |     12
10:40:53         | 14.3 |  5.6 |    898 |     12
10:40:55         | 14.4 |  5.6 |    902 |     12
10:40:57         | 14.2 |  5.6 |    898 |     12
10:40:59         | 14.3 |  5.6 |    898 |     12
10:41:02         | 14.3 |  5.6 |    898 |     12
10:41:04         | 14.4 |  5.6 |    898 |     12
10:41:06         | 14.3 |  5.6 |    906 |     12
10:41:08         | 14.5 |  5.6 |    898 |     12
10:41:10         | 14.5 |  5.6 |    898 |     12
10:41:12         | 14.4 |  5.6 |    902 |     12
10:41:14         | 14.4 |  5.6 |    898 |     12
10:41:16         | 14.3 |  5.6 |    898 |     12
10:41:18         | 14.4 |  5.6 |    902 |     12
10:41:20         | 14.5 |  5.6 |    906 |     12
10:41:22         | 14.5 |  5.6 |    898 |     12
10:41:24         | 14.3 |  5.6 |    898 |     12
10:41:26         | 14.4 |  5.6 |    898 |     12
10:41:29         | 14.5 |  5.6 |    898 |     12
10:41:31         | 14.6 |  5.6 |    901 |     12
10:41:33         | 14.4 |  5.6 |    901 |     12
10:41:35         | 14.6 |  5.6 |    901 |     12
10:41:37         | 14.4 |  5.6 |    898 |     12
10:41:39         | 14.6 |  5.6 |    898 |     12
10:41:41         | 14.4 |  5.6 |    904 |     12
10:41:43         | 14.4 |  5.6 |    898 |     12
10:41:45         | 14.5 |  5.6 |    901 |     12
10:41:47         | 14.7 |  5.6 |    898 |     12
10:41:49         | 14.5 |  5.6 |    898 |     12
10:41:51         | 14.5 |  5.6 |    901 |     12
10:41:53         | 14.4 |  5.6 |    898 |     12
10:41:56         | 14.6 |  5.6 |    901 |     12
10:41:58         | 14.4 |  5.6 |    898 |     12
10:42:00         | 14.7 |  5.6 |    898 |     12
10:42:02         | 14.6 |  5.6 |    898 |     12
10:42:04         | 14.6 |  5.6 |    904 |     12
10:42:06         | 14.4 |  5.6 |    904 |     12
10:42:08         | 14.5 |  5.6 |    898 |     12
10:42:10         | 14.7 |  5.6 |    899 |     12
10:42:12         | 14.5 |  5.6 |    899 |     12
10:42:14         | 14.5 |  5.6 |    899 |     12
10:42:16         | 14.4 |  5.6 |    901 |     12
10:42:18         | 14.6 |  5.6 |    901 |     12
10:42:20         | 14.5 |  5.6 |    899 |     12
10:42:23         | 14.5 |  5.6 |    899 |     12
10:42:25         | 14.7 |  5.6 |    901 |     12
10:42:27         | 14.5 |  5.6 |    899 |     12
10:42:29         | 14.5 |  5.6 |    899 |     12
10:42:31         | 14.6 |  5.6 |    907 |     12
10:42:33         | 14.8 |  5.6 |    901 |     12
10:42:35         | 14.7 |  5.6 |    899 |     12
10:42:37         | 14.5 |  5.6 |    899 |     12
10:42:39         | 14.6 |  5.6 |    901 |     12
10:42:41         | 14.7 |  5.6 |    904 |     12
10:42:43         | 14.5 |  5.6 |    899 |     12
10:42:45         | 14.5 |  5.6 |    901 |     12
10:42:48         | 14.5 |  5.6 |    899 |     12
10:42:50         | 14.7 |  5.6 |    899 |     12
10:42:52         | 14.7 |  5.6 |    901 |     12
10:42:54         | 14.6 |  5.6 |    899 |     12
10:42:56         | 14.6 |  5.6 |    899 |     12
10:42:58         | 14.5 |  5.6 |    899 |     12
10:43:00         | 14.7 |  5.6 |    902 |     12
10:43:02         | 14.5 |  5.6 |    902 |     12
10:43:04         | 14.8 |  5.6 |    899 |     12
10:43:06         | 14.6 |  5.6 |    899 |     12
10:43:08         | 14.5 |  5.6 |    899 |     12
10:43:10         | 14.7 |  5.6 |    899 |     12
10:43:12         | 14.5 |  5.6 |    901 |     12
10:43:15         | 14.8 |  5.6 |    904 |     12
10:43:17         | 14.5 |  5.6 |    899 |     12
10:43:19         | 14.8 |  5.6 |    899 |     12
10:43:21         | 14.6 |  5.6 |    899 |     12
10:43:23         | 14.5 |  5.6 |    901 |     12
10:43:25         | 14.5 |  5.6 |    901 |     12
10:43:27         | 14.8 |  5.6 |    899 |     12
10:43:29         | 14.8 |  5.6 |    901 |     12
10:43:31         | 14.7 |  5.6 |    901 |     12
10:43:33         | 14.7 |  5.6 |    899 |     12
10:43:35         | 14.8 |  5.6 |    901 |     12
10:43:37         | 14.5 |  5.6 |    899 |     12
10:43:39         | 14.6 |  5.6 |    899 |     12
10:43:42         | 14.8 |  5.6 |    899 |     12
10:43:44         | 14.8 |  5.6 |    899 |     12
10:43:46         | 14.5 |  5.6 |    904 |     12
10:43:48         | 14.5 |  5.6 |    899 |     12
10:43:50         | 14.6 |  5.6 |    899 |     12
10:43:52         | 14.8 |  5.6 |    899 |     12
10:43:54         | 14.7 |  5.6 |    899 |     12
10:43:56         | 14.7 |  5.6 |    899 |     12
10:43:58         | 14.5 |  5.6 |    905 |     12
10:44:00         | 14.5 |  5.6 |    899 |     12
10:44:02         | 14.6 |  5.6 |    901 |     12
10:44:04         | 14.8 |  5.6 |    899 |     12
10:44:06         | 14.5 |  5.6 |    899 |     12
10:44:09         | 14.6 |  5.6 |    901 |     12
10:44:11         | 14.7 |  5.6 |    901 |     12
10:44:13         | 14.6 |  5.6 |    899 |     12
10:44:15         | 14.7 |  5.6 |    899 |     12
10:44:17         | 14.7 |  5.6 |    903 |     12
10:44:19         | 14.6 |  5.6 |    899 |     12
10:44:21         | 14.7 |  5.6 |    899 |     12
10:44:23         | 14.6 |  5.6 |    902 |     12
10:44:25         | 14.6 |  5.6 |    899 |     12
10:44:27         | 14.9 |  5.6 |    899 |     12
10:44:29         | 14.7 |  5.6 |    903 |     12
10:44:31         | 14.7 |  5.6 |    907 |     12
10:44:34         | 14.8 |  5.6 |    907 |     12
10:44:36         | 14.7 |  5.6 |    899 |     12
10:44:38         | 14.6 |  5.6 |    899 |     12
10:44:40         | 14.8 |  5.6 |    899 |     12
10:44:42         | 14.8 |  5.6 |    899 |     12
10:44:44         | 14.9 |  5.6 |    899 |     12
10:44:46         | 14.6 |  5.6 |    899 |     12
10:44:48         | 14.9 |  5.6 |    899 |     12
10:44:50         | 14.7 |  5.6 |    902 |     12
10:44:52         | 14.7 |  5.6 |    910 |     12