=== Мониторинг приложения на порту 3010 ===
Начало: Вт мая  6 11:24:46 MSK 2026
Интервал: 2 секунды
-------------------------------------------
Время           | CPU% | MEM% | RSS_MB | Потоки
-------------------------------------------
11:24:46         |  9,3 |  1,4 |    234 |     12
11:24:48         |  9,6 |  2,0 |    335 |     12
11:24:50         |  9,3 |  2,4 |    397 |     12
11:24:52         |  9,4 |  1,8 |    301 |     12
11:24:54         |  8,7 |  2,2 |    365 |     12
11:24:56         |  8,9 |  2,5 |    414 |     12
11:24:58         |  9,1 |  2,1 |    351 |     12
11:25:00         |  9,4 |  2,4 |    398 |     12
11:25:02         |  9,0 |  2,3 |    382 |     12
11:25:04         |  9,3 |  2,9 |    482 |     12
11:25:06         |  9,0 |  2,7 |    450 |     12
11:25:08         |  9,2 |  3,2 |    534 |     12
11:25:10         |  9,0 |  3,0 |    501 |     12
11:25:12         |  9,4 |  3,2 |    534 |     12
11:25:14         |  9,0 |  3,6 |    600 |     12
11:25:16         |  9,7 |  4,0 |    666 |     12
11:25:18         |  9,2 |  4,2 |    699 |     12
11:25:20         |  9,9 |  4,0 |    666 |     12
11:25:22         |  9,7 |  3,4 |    568 |     12
11:25:24         |  9,9 |  4,1 |    683 |     12
11:25:26         |  9,8 |  4,2 |    699 |     12
11:25:28         | 10,1 |  3,2 |    536 |     12
11:25:30         |  9,2 |  3,6 |    601 |     12
11:25:32         | 10,1 |  4,1 |    683 |     12
11:25:34         |  9,6 |  4,0 |    668 |     12
11:25:36         | 10,1 |  3,9 |    651 |     12
11:25:38         |  9,9 |  4,0 |    667 |     12
11:25:40         |  9,9 |  3,5 |    583 |     12
11:25:42         | 10,0 |  4,0 |    669 |     12
11:25:44         | 10,3 |  3,7 |    615 |     12
11:25:46         |  9,5 |  4,0 |    667 |     12
11:25:48         | 10,1 |  3,9 |    649 |     12
11:25:50         |  9,7 |  3,8 |    634 |     12
11:25:52         |  9,6 |  4,2 |    702 |     12
11:25:54         |  9,9 |  4,9 |    814 |     12
11:25:56         |  9,7 |  4,9 |    816 |     12
11:25:58         | 10,1 |  4,8 |    799 |     12
11:26:00         |  9,6 |  4,5 |    751 |     12
11:26:02         | 10,2 |  4,5 |    752 |     12
11:26:04         |  9,8 |  4,2 |    702 |     12
11:26:06         |  9,7 |  4,6 |    767 |     12
11:26:08         | 10,4 |  4,4 |    735 |     12
11:26:10         |  9,7 |  5,0 |    833 |     12
11:26:12         |  9,7 |  4,6 |    766 |     12
11:26:14         | 10,2 |  4,4 |    733 |     12
11:26:16         |  9,8 |  5,1 |    849 |     12
11:26:18         |  9,9 |  4,5 |    752 |     12
11:26:20         | 10,4 |  4,3 |    717 |     12
11:26:22         | 10,1 |  4,8 |    798 |     12
11:26:24         |  9,9 |  4,3 |    719 |     12
11:26:26         |  9,8 |  4,6 |    766 |     12
11:26:28         | 10,6 |  4,7 |    784 |     12
11:26:30         | 10,0 |  4,8 |    801 |     12
11:26:32         | 10,1 |  4,3 |    718 |     12
11:26:34         | 10,1 |  4,8 |    800 |     12
11:26:36         | 10,7 |  5,1 |    849 |     12
11:26:38         | 10,7 |  4,1 |    684 |     12
11:26:40         | 10,2 |  4,1 |    683 |     12
11:26:42         | 10,3 |  4,6 |    767 |     12
11:26:44         | 10,7 |  4,8 |    800 |     12
11:26:46         | 10,7 |  5,1 |    850 |     12
11:26:48         | 10,8 |  4,9 |    818 |     12
11:26:50         | 10,4 |  4,7 |    785 |     12
11:26:52         | 10,1 |  4,8 |    801 |     12
11:26:54         | 10,4 |  5,0 |    833 |     12
11:26:56         | 10,6 |  4,6 |    766 |     12
11:26:58         | 10,7 |  4,3 |    716 |     12
11:27:00         | 10,5 |  5,0 |    834 |     12
11:27:02         | 10,5 |  4,9 |    817 |     12
11:27:04         | 10,5 |  4,2 |    701 |     12
11:27:06         | 11,0 |  4,4 |    736 |     12
11:27:08         | 10,6 |  4,9 |    818 |     12
11:27:10         | 10,8 |  5,0 |    834 |     12
11:27:12         | 10,5 |  4,4 |    736 |     12
11:27:14         | 11,0 |  4,4 |    735 |     12
11:27:16         | 10,5 |  5,0 |    832 |     12
11:27:18         | 10,8 |  5,0 |    834 |     12
11:27:20         | 11,0 |  4,7 |    783 |     12
11:27:22         | 10,7 |  4,5 |    751 |     12
11:27:24         | 11,1 |  5,2 |    867 |     12
11:27:26         | 10,9 |  5,3 |    884 |     12
11:27:28         | 11,2 |  5,3 |    883 |     12
11:27:30         | 10,7 |  5,5 |    917 |     12
11:27:32         | 11,3 |  4,9 |    817 |     12
11:27:34         | 10,5 |  4,4 |    735 |     12
11:27:36         | 10,7 |  5,2 |    867 |     12
11:27:38         | 10,9 |  4,9 |    816 |     12
11:27:40         | 11,5 |  5,2 |    865 |     12
11:27:42         | 11,4 |  5,4 |    899 |     12
11:27:44         | 10,7 |  4,6 |    767 |     12
11:27:46         | 11,1 |  4,9 |    818 |     12
11:27:48         | 11,2 |  5,3 |    882 |     12
11:27:50         | 10,6 |  5,1 |    849 |     12
11:27:52         | 11,2 |  5,1 |    851 |     12
11:27:54         | 11,2 |  4,7 |    784 |     12
11:27:56         | 11,5 |  5,2 |    866 |     12
11:27:58         | 11,2 |  4,8 |    801 |     12
11:28:00         | 11,5 |  5,2 |    868 |     12
11:28:02         | 11,0 |  5,4 |    899 |     12
11:28:04         | 11,4 |  5,4 |    900 |     12
11:28:06         | 11,6 |  4,7 |    785 |     12
11:28:08         | 11,3 |  5,2 |    868 |     12
11:28:10         | 10,9 |  5,4 |    900 |     12
11:28:12         | 11,7 |  5,1 |    851 |     12
11:28:14         | 11,6 |  4,9 |    817 |     12
11:28:16         | 11,1 |  5,5 |    918 |     12
11:28:18         | 11,5 |  5,3 |    884 |     12
11:28:20         | 11,3 |  4,7 |    784 |     12
11:28:22         | 11,1 |  4,6 |    766 |     12
11:28:24         | 11,6 |  5,0 |    833 |     12
11:28:26         | 11,1 |  4,6 |    767 |     12
11:28:28         | 11,6 |  5,5 |    918 |     12
11:28:30         | 11,2 |  4,9 |    818 |     12
11:28:32         | 11,7 |  5,2 |    865 |     12
11:28:34         | 11,7 |  5,5 |    917 |     12
11:28:36         | 11,7 |  5,4 |    902 |     12
11:28:38         | 11,5 |  5,3 |    883 |     12
11:28:40         | 11,4 |  4,8 |    799 |     12
11:28:42         | 11,2 |  5,5 |    918 |     12
11:28:44         | 11,5 |  5,3 |    885 |     12
11:28:46         | 11,9 |  4,7 |    784 |     12
11:28:48         | 11,3 |  4,8 |    801 |     12
11:28:50         | 12,0 |  4,7 |    783 |     12
11:28:52         | 11,5 |  5,4 |    902 |     12
11:28:54         | 11,3 |  5,2 |    868 |     12
11:28:56         | 11,4 |  4,5 |    752 |     12
11:28:58         | 11,5 |  4,7 |    786 |     12
11:29:00         | 11,1 |  4,6 |    769 |     12
11:29:02         | 11,9 |  5,4 |    900 |     12
11:29:04         | 11,3 |  4,6 |    768 |     12
11:29:06         | 12,1 |  5,1 |    851 |     12
11:29:08         | 12,1 |  5,0 |    834 |     12
11:29:10         | 11,4 |  4,7 |    783 |     12
11:29:12         | 11,5 |  5,4 |    899 |     12
11:29:14         | 11,7 |  5,3 |    882 |     12
11:29:16         | 11,4 |  5,4 |    901 |     12
11:29:18         | 11,6 |  4,6 |    768 |     12
11:29:20         | 11,8 |  5,5 |    915 |     12
11:29:22         | 11,5 |  5,3 |    884 |     12
11:29:24         | 12,1 |  5,3 |    883 |     12
11:29:26         | 12,2 |  5,5 |    919 |     12
11:29:28         | 12,3 |  5,0 |    832 |     12
11:29:30         | 11,4 |  5,0 |    831 |     12
11:29:32         | 12,0 |  5,5 |    918 |     12
11:29:34         | 12,1 |  5,5 |    917 |     12
11:29:36         | 12,3 |  5,0 |    834 |     12
11:29:38         | 11,5 |  5,4 |    901 |     12
11:29:40         | 11,8 |  4,9 |    818 |     12
11:29:42         | 11,5 |  4,9 |    815 |     12
11:29:44         | 12,4 |  5,2 |    869 |     12
11:29:46         | 12,1 |  5,6 |    933 |     12
11:29:48         | 12,2 |  5,6 |    934 |     12
11:29:50         | 12,3 |  5,3 |    884 |     12
11:29:52         | 11,9 |  6,1 |   1017 |     12
11:29:54         | 11,6 |  6,1 |   1018 |     12
11:29:56         | 12,4 |  5,3 |    884 |     12
11:29:58         | 12,5 |  5,8 |    967 |     12
11:30:00         | 12,4 |  5,4 |    902 |     12
11:30:02         | 12,2 |  5,6 |    935 |     12
11:30:04         | 12,0 |  5,7 |    950 |     12
11:30:06         | 12,3 |  5,9 |    984 |     12
11:30:08         | 12,1 |  6,0 |   1000 |     12
11:30:10         | 12,7 |  5,4 |    900 |     12
11:30:12         | 12,4 |  5,9 |    985 |     12
11:30:14         | 11,8 |  5,8 |    967 |     12
11:30:16         | 12,2 |  5,8 |    965 |     12
11:30:18         | 12,1 |  5,6 |    934 |     12
11:30:20         | 12,1 |  5,7 |    951 |     12
11:30:22         | 12,5 |  5,9 |    982 |     12
11:30:24         | 12,8 |  5,9 |    985 |     12
11:30:26         | 12,5 |  5,9 |    984 |     12
11:30:28         | 12,2 |  5,7 |    952 |     12
11:30:30         | 12,2 |  5,7 |    949 |     12
11:30:32         | 12,0 |  5,8 |    968 |     12
11:30:34         | 11,8 |  5,5 |    918 |     12
11:30:36         | 12,3 |  5,6 |    935 |     12
11:30:38         | 12,4 |  5,2 |    868 |     12
11:30:40         | 12,4 |  5,3 |    886 |     12
11:30:42         | 12,3 |  5,7 |    952 |     12
11:30:44         | 12,5 |  5,2 |    866 |     12
11:30:46         | 12,8 |  5,7 |    950 |     12
11:30:48         | 12,0 |  6,0 |   1001 |     12
11:30:50         | 12,4 |  5,7 |    948 |     12
11:30:52         | 12,2 |  5,5 |    919 |     12
11:30:54         | 12,1 |  5,4 |    902 |     12
11:30:56         | 12,7 |  5,8 |    968 |     12
11:30:58         | 12,8 |  5,5 |    919 |     12
11:31:00         | 12,1 |  5,6 |    934 |     12
11:31:02         | 12,1 |  5,2 |    865 |     12
11:31:04         | 12,5 |  5,6 |    932 |     12
11:31:06         | 12,2 |  5,5 |    918 |     12
11:31:08         | 12,3 |  5,8 |    968 |     12
11:31:10         | 12,1 |  5,7 |    951 |     12
11:31:12         | 12,9 |  5,6 |    935 |     12
11:31:14         | 12,2 |  5,6 |    933 |     12
11:31:16         | 12,3 |  5,7 |    952 |     12
11:31:18         | 12,8 |  5,2 |    868 |     12
11:31:20         | 12,6 |  5,6 |    933 |     12
11:31:22         | 12,6 |  5,4 |    902 |     12
11:31:24         | 12,4 |  5,4 |    901 |     12
11:31:26         | 12,6 |  5,4 |    902 |     12
11:31:28         | 12,8 |  5,4 |    899 |     12
11:31:30         | 12,2 |  5,3 |    885 |     12
11:31:32         | 12,4 |  5,8 |    968 |     12
11:31:34         | 12,6 |  5,2 |    868 |     12
11:31:36         | 12,9 |  5,7 |    951 |     12
11:31:38         | 12,7 |  6,0 |   1001 |     12
11:31:40         | 13,0 |  5,8 |    967 |     12
11:31:42         | 12,4 |  5,7 |    951 |     12
11:31:44         | 12,3 |  6,1 |   1016 |     12
11:31:46         | 12,5 |  5,7 |    952 |     12
11:31:48         | 12,9 |  5,4 |    899 |     12
11:31:50         | 12,8 |  5,4 |    899 |     12
11:31:52         | 12,3 |  5,7 |    952 |     12
11:31:54         | 12,8 |  5,6 |    934 |     12
11:31:56         | 12,8 |  5,2 |    866 |     12
11:31:58         | 12,6 |  5,5 |    920 |     12
11:32:00         | 12,5 |  6,0 |   1001 |     12
11:32:02         | 12,3 |  5,9 |    985 |     12
11:32:04         | 12,3 |  5,4 |    901 |     12
11:32:06         | 12,2 |  5,8 |    968 |     12
11:32:08         | 12,9 |  5,6 |    935 |     12
11:32:10         | 12,6 |  5,3 |    885 |     12
11:32:12         | 12,4 |  5,4 |    902 |     12
11:32:14         | 12,5 |  5,3 |    886 |     12
11:32:16         | 12,8 |  5,5 |    919 |     12
11:32:18         | 12,5 |  5,6 |    935 |     12
11:32:20         | 12,9 |  5,3 |    885 |     12
11:32:22         | 12,9 |  5,4 |    900 |     12
11:32:24         | 12,8 |  5,7 |    952 |     12
11:32:26         | 12,6 |  5,2 |    868 |     12
11:32:28         | 12,5 |  5,3 |    883 |     12
11:32:30         | 12,5 |  5,6 |    934 |     12
11:32:32         | 12,9 |  6,0 |   1000 |     12
11:32:34         | 13,0 |  5,7 |    951 |     12
11:32:36         | 12,8 |  5,7 |    950 |     12
11:32:38         | 12,6 |  6,1 |   1017 |     12
11:32:40         | 13,1 |  5,7 |    951 |     12
11:32:42         | 12,9 |  5,5 |    919 |     12
11:32:44         | 13,1 |  6,0 |   1002 |     12
11:32:46         | 12,5 |  5,7 |    952 |     12
11:32:48         | 12,5 |  5,8 |    969 |     12
11:32:50         | 12,9 |  6,0 |   1001 |     12
11:32:52         | 12,7 |  6,0 |   1002 |     12
11:32:54         | 12,3 |  5,8 |    969 |     12
11:32:56         | 12,5 |  5,4 |    902 |     12
11:32:58         | 12,3 |  5,4 |    902 |     12
11:33:00         | 12,6 |  5,7 |    952 |     12
11:33:02         | 12,6 |  5,8 |    968 |     12
11:33:04         | 12,8 |  5,9 |    985 |     12
11:33:06         | 12,3 |  5,4 |    901 |     12
11:33:08         | 12,8 |  5,2 |    868 |     12
11:33:10         | 13,0 |  5,9 |    984 |     12
11:33:12         | 12,5 |  5,5 |    920 |     12
11:33:14         | 13,2 |  5,9 |    985 |     12
11:33:16         | 13,0 |  6,0 |   1000 |     12
11:33:18         | 13,1 |  5,7 |    950 |     12
11:33:20         | 13,2 |  5,9 |    985 |     12
11:33:22         | 12,7 |  5,8 |    969 |     12
11:33:24         | 12,4 |  5,6 |    934 |     12
11:33:26         | 13,1 |  5,9 |    985 |     12
11:33:28         | 12,9 |  5,3 |    885 |     12
11:33:30         | 12,3 |  5,9 |    984 |     12
11:33:32         | 13,1 |  5,2 |    868 |     12
11:33:34         | 13,2 |  5,5 |    918 |     12
11:33:36         | 12,4 |  5,5 |    919 |     12
11:33:38         | 12,8 |  5,8 |    969 |     12
11:33:40         | 13,1 |  5,6 |    934 |     12
11:33:42         | 12,8 |  5,8 |    968 |     12
11:33:44         | 12,5 |  5,6 |    934 |     12
11:33:46         | 12,8 |  6,0 |   1001 |     12
11:33:48         | 13,0 |  6,1 |   1018 |     12
11:33:50         | 13,2 |  5,8 |    968 |     12
11:33:52         | 12,9 |  5,4 |    902 |     12
11:33:54         | 12,9 |  5,3 |    883 |     12
11:33:56         | 13,2 |  5,8 |    968 |     12
11:33:58         | 12,9 |  5,2 |    866 |     12
11:34:00         | 12,6 |  5,5 |    919 |     12
11:34:02         | 13,2 |  6,0 |   1001 |     12
11:34:04         | 12,5 |  5,9 |    985 |     12
11:34:06         | 12,4 |  5,2 |    869 |     12
11:34:08         | 12,8 |  5,5 |    919 |     12
11:34:10         | 12,7 |  5,4 |    902 |     12
11:34:12         | 12,4 |  5,7 |    949 |     12
11:34:14         | 13,3 |  5,9 |    984 |     12
11:34:16         | 12,6 |  5,4 |    901 |     12
11:34:18         | 12,9 |  5,2 |    867 |     12
11:34:20         | 12,8 |  5,5 |    919 |     12
11:34:22         | 12,9 |  5,7 |    952 |     12
11:34:24         | 12,6 |  5,5 |    919 |     12
11:34:26         | 13,1 |  6,0 |   1001 |     12
11:34:28         | 12,4 |  6,0 |   1002 |     12
11:34:30         | 12,8 |  5,6 |    933 |     12