=== Мониторинг приложения на порту 3010 ===
Начало: Вт мая  5 19:24:12 MSK 2026
Интервал: 2 секунды
-------------------------------------------
Время           | CPU% | MEM% | RSS_MB | Потоки
-------------------------------------------
19:24:12         | 10.9 |  0.9 |    152 |     12
19:24:14         | 14.2 |  1.6 |    264 |     12
19:24:16         | 11.1 |  1.7 |    283 |     12
19:24:18         | 10.4 |  1.9 |    313 |     12
19:24:20         | 11.1 |  1.0 |    168 |     12
19:24:22         | 11.2 |  1.2 |    198 |     12
19:24:24         | 10.6 |  1.9 |    317 |     12
19:24:26         | 10.0 |  1.2 |    203 |     12
19:24:28         | 11.1 |  1.5 |    248 |     12
19:24:30         | 10.9 |  1.9 |    316 |     12
19:24:32         | 10.4 |  2.3 |    381 |     12
19:24:34         | 11.1 |  1.5 |    252 |     12
19:24:36         | 11.8 |  2.2 |    368 |     12
19:24:38         | 11.8 |  1.8 |    304 |     12
19:24:40         | 10.8 |  2.2 |    371 |     12
19:24:42         | 12.1 |  2.5 |    419 |     12
19:24:44         | 12.2 |  1.7 |    287 |     12
19:24:46         | 11.8 |  2.7 |    451 |     12
19:24:48         | 11.1 |  2.9 |    482 |     12
19:24:50         | 11.6 |  2.9 |    483 |     12
19:24:52         | 10.8 |  2.2 |    370 |     12
19:24:54         | 10.6 |  2.7 |    454 |     12
19:24:56         | 10.6 |  2.8 |    467 |     12
19:24:58         | 11.0 |  2.2 |    366 |     12
19:25:00         | 10.7 |  3.1 |    515 |     12
19:25:02         | 10.5 |  3.2 |    533 |     12
19:25:04         | 11.0 |  3.3 |    553 |     12
19:25:06         | 10.3 |  2.5 |    417 |     12
19:25:08         | 10.7 |  2.7 |    451 |     12
19:25:10         | 11.2 |  2.5 |    420 |     12
19:25:12         | 11.0 |  3.3 |    548 |     12
19:25:14         | 10.4 |  3.0 |    499 |     12
19:25:16         | 10.6 |  3.4 |    565 |     12
19:25:18         | 10.7 |  3.4 |    563 |     12
19:25:20         | 10.2 |  3.3 |    553 |     12
19:25:22         | 10.4 |  3.4 |    570 |     12
19:25:24         | 10.8 |  3.3 |    548 |     12
19:25:26         | 10.1 |  3.2 |    534 |     12
19:25:28         | 10.2 |  2.9 |    484 |     12
19:25:30         | 10.8 |  3.5 |    584 |     12
19:25:32         | 10.7 |  2.9 |    486 |     12
19:25:34         | 10.4 |  3.2 |    530 |     12
19:25:36         | 10.1 |  2.7 |    448 |     12
19:25:38         |  9.7 |  3.2 |    536 |     12
19:25:40         |  9.5 |  3.3 |    551 |     12
19:25:42         | 10.5 |  3.2 |    532 |     12
19:25:44         |  9.7 |  3.5 |    588 |     12
19:25:46         | 10.1 |  2.7 |    449 |     12
19:25:48         |  9.4 |  2.7 |    452 |     12
19:25:50         | 10.4 |  3.0 |    503 |     12
19:25:52         | 10.2 |  3.5 |    581 |     12
19:25:54         |  9.6 |  3.4 |    568 |     12
19:25:56         |  9.8 |  3.2 |    536 |     12
19:25:58         |  9.9 |  2.8 |    468 |     12
19:26:00         |  9.5 |  3.1 |    519 |     12
19:26:02         |  9.9 |  2.5 |    415 |     12
19:26:04         |  9.1 |  2.6 |    437 |     12
19:26:06         |  9.0 |  3.2 |    534 |     12
19:26:08         | 10.1 |  3.1 |    517 |     12
19:26:10         |  9.4 |  2.8 |    470 |     12
19:26:12         |  9.9 |  3.0 |    502 |     12
19:26:14         |  9.6 |  2.9 |    484 |     12
19:26:16         |  9.7 |  3.2 |    535 |     12
19:26:18         | 10.1 |  3.3 |    548 |     12
19:26:20         |  9.0 |  2.8 |    469 |     12
19:26:22         |  9.1 |  2.9 |    483 |     12
19:26:24         |  9.3 |  3.5 |    587 |     12
19:26:26         |  9.5 |  3.5 |    581 |     12
19:26:28         | 10.0 |  3.1 |    521 |     12
19:26:30         |  9.9 |  3.2 |    532 |     12
19:26:32         |  9.3 |  3.2 |    535 |     12
19:26:34         |  9.6 |  2.5 |    420 |     12
19:26:36         |  9.5 |  2.6 |    438 |     12
19:26:38         |  9.8 |  3.3 |    554 |     12
19:26:40         |  9.5 |  2.5 |    419 |     12
19:26:42         |  9.6 |  3.3 |    552 |     12
19:26:44         |  9.7 |  3.1 |    516 |     12
19:26:46         |  9.2 |  2.6 |    438 |     12
19:26:48         |  9.3 |  3.3 |    554 |     12
19:26:50         |  9.1 |  3.4 |    569 |     12
19:26:52         |  9.0 |  2.5 |    418 |     12
19:26:54         |  9.1 |  2.7 |    452 |     12
19:26:56         |  9.6 |  3.4 |    571 |     12
19:26:58         |  9.2 |  3.5 |    584 |     12
19:27:00         |  9.7 |  2.8 |    467 |     12
19:27:02         |  9.9 |  3.2 |    532 |     12
19:27:04         |  9.6 |  2.8 |    469 |     12
19:27:06         |  9.6 |  2.6 |    432 |     12
19:27:08         |  9.1 |  3.3 |    548 |     12
19:27:10         |  9.0 |  3.5 |    582 |     12
19:27:12         |  9.4 |  2.9 |    485 |     12
19:27:14         |  9.5 |  2.8 |    470 |     12
19:27:16         |  9.5 |  2.8 |    468 |     12
19:27:18         |  9.5 |  2.9 |    483 |     12
19:27:20         |  9.6 |  3.0 |    504 |     12
19:27:22         |  9.5 |  2.5 |    421 |     12
19:27:24         |  8.9 |  3.4 |    568 |     12
19:27:26         |  9.8 |  3.3 |    554 |     12
19:27:28         |  9.5 |  2.8 |    466 |     12
19:27:30         |  9.6 |  2.5 |    417 |     12
19:27:32         |  9.3 |  3.3 |    554 |     12
19:27:34         |  9.2 |  3.5 |    585 |     12
19:27:36         |  9.2 |  3.3 |    548 |     12
19:27:38         |  9.0 |  3.2 |    534 |     12
19:27:40         |  9.5 |  2.5 |    421 |     12
19:27:42         |  9.5 |  3.1 |    516 |     12
19:27:44         |  9.0 |  3.1 |    519 |     12
19:27:46         |  9.3 |  3.4 |    568 |     12
19:27:48         |  9.1 |  2.8 |    469 |     12
19:27:50         |  8.7 |  2.7 |    450 |     12
19:27:52         |  9.1 |  2.9 |    483 |     12
19:27:54         |  9.1 |  3.3 |    552 |     12
19:27:56         |  9.1 |  3.1 |    517 |     12
19:27:58         |  8.6 |  3.4 |    565 |     12
19:28:00         |  9.2 |  3.2 |    534 |     12
19:28:02         |  9.1 |  3.1 |    521 |     12
19:28:04         |  8.7 |  2.8 |    470 |     12
19:28:06         |  8.9 |  3.2 |    537 |     12
19:28:08         |  8.6 |  3.1 |    520 |     12
19:28:10         |  9.0 |  2.5 |    415 |     12
19:28:12         |  8.6 |  3.3 |    554 |     12
19:28:14         |  8.1 |  2.9 |    485 |     12
19:28:16         |  8.4 |  3.4 |    572 |     12
19:28:18         |  9.1 |  3.5 |    583 |     12
19:28:20         |  9.1 |  3.2 |    539 |     12
19:28:22         |  8.3 |  3.1 |    520 |     12
19:28:24         |  8.9 |  3.3 |    554 |     12
19:28:26         |  9.0 |  3.0 |    500 |     12
19:28:28         |  8.3 |  2.5 |    420 |     12
19:28:30         |  8.3 |  3.5 |    584 |     12
19:28:32         |  8.3 |  3.3 |    554 |     12
19:28:34         |  8.7 |  2.5 |    419 |     12
19:28:36         |  8.3 |  3.5 |    586 |     12
19:28:38         |  8.9 |  3.0 |    503 |     12
19:28:40         |  8.7 |  3.1 |    521 |     12
19:28:42         |  8.8 |  3.4 |    570 |     12
19:28:44         |  8.8 |  3.3 |    550 |     12
19:28:46         |  8.3 |  2.7 |    452 |     12
19:28:48         |  8.2 |  2.6 |    437 |     12
19:28:50         |  8.2 |  2.5 |    421 |     12
19:28:52         |  8.9 |  3.0 |    505 |     12
19:28:54         |  9.1 |  3.0 |    503 |     12
19:28:56         |  9.0 |  3.1 |    519 |     12
19:28:58         |  8.3 |  3.3 |    549 |     12
19:29:00         |  8.9 |  3.2 |    537 |     12
19:29:02         |  8.1 |  3.1 |    522 |     12
19:29:04         |  8.3 |  3.3 |    548 |     12
19:29:06         |  8.6 |  3.3 |    552 |     12
19:29:08         |  8.9 |  3.0 |    503 |     12
19:29:10         |  8.8 |  2.5 |    417 |     12
19:29:12         |  8.8 |  2.9 |    485 |     12
19:29:14         |  8.1 |  3.2 |    536 |     12
19:29:16         |  8.9 |  3.4 |    572 |     12
19:29:18         |  8.2 |  2.8 |    467 |     12
19:29:20         |  8.7 |  3.5 |    582 |     12
19:29:22         |  8.0 |  2.9 |    487 |     12
19:29:24         |  9.0 |  3.5 |    581 |     12
19:29:26         |  8.6 |  3.0 |    505 |     12
19:29:28         |  8.6 |  3.1 |    520 |     12
19:29:30         |  8.8 |  3.3 |    552 |     12
19:29:32         |  8.4 |  3.0 |    504 |     12
19:29:34         |  8.5 |  3.1 |    519 |     12
19:29:36         |  8.2 |  2.6 |    435 |     12
19:29:38         |  8.7 |  3.1 |    518 |     12
19:29:40         |  9.0 |  2.6 |    436 |     12
19:29:42         |  8.8 |  3.3 |    555 |     12
19:29:44         |  8.2 |  3.2 |    536 |     12
19:29:46         |  9.0 |  2.7 |    449 |     12
19:29:48         |  8.5 |  2.9 |    487 |     12
19:29:50         |  8.2 |  3.1 |    522 |     12
19:29:52         |  8.0 |  3.2 |    534 |     12
19:29:54         |  8.4 |  2.8 |    471 |     12
19:29:56         |  8.0 |  3.3 |    554 |     12
19:29:58         |  8.7 |  3.3 |    548 |     12
19:30:00         |  8.4 |  3.3 |    549 |     12
19:30:02         |  9.0 |  2.8 |    467 |     12
19:30:04         |  8.2 |  2.7 |    454 |     12
19:30:06         |  8.8 |  3.4 |    568 |     12
19:30:08         |  8.3 |  3.4 |    571 |     12
19:30:10         |  8.1 |  3.2 |    535 |     12
19:30:12         |  8.5 |  3.5 |    583 |     12
19:30:14         |  8.5 |  3.0 |    503 |     12
19:30:16         |  8.4 |  2.7 |    449 |     12
19:30:18         |  8.6 |  3.4 |    566 |     12
19:30:20         |  8.2 |  3.5 |    582 |     12
19:30:22         |  8.2 |  2.6 |    436 |     12
19:30:24         |  8.6 |  3.1 |    518 |     12
19:30:26         |  8.3 |  3.4 |    571 |     12
19:30:28         |  8.2 |  2.5 |    422 |     12
19:30:30         |  8.6 |  2.7 |    452 |     12
19:30:32         |  8.7 |  3.4 |    570 |     12
19:30:34         |  8.4 |  3.0 |    503 |     12
19:30:36         |  8.2 |  3.4 |    568 |     12
19:30:38         |  8.8 |  2.5 |    419 |     12
19:30:40         |  8.5 |  3.2 |    536 |     12
19:30:42         |  8.5 |  3.2 |    539 |     12
19:30:44         |  8.6 |  3.3 |    553 |     12
19:30:46         |  8.4 |  3.2 |    532 |     12
19:30:48         |  9.0 |  2.7 |    450 |     12
19:30:50         |  8.1 |  2.9 |    484 |     12
19:30:52         |  8.0 |  2.6 |    438 |     12
19:30:54         |  9.0 |  3.1 |    517 |     12
19:30:56         |  8.5 |  3.4 |    565 |     12
19:30:58         |  8.2 |  3.5 |    586 |     12
19:31:00         |  8.7 |  3.1 |    517 |     12
19:31:02         |  8.2 |  2.6 |    437 |     12
19:31:04         |  8.7 |  2.9 |    487 |     12
19:31:06         |  8.3 |  2.5 |    418 |     12
19:31:08         |  8.7 |  3.3 |    550 |     12
19:31:10         |  8.7 |  2.5 |    417 |     12
19:31:12         |  8.8 |  2.8 |    472 |     12
19:31:14         |  8.6 |  3.5 |    583 |     12
19:31:16         |  8.4 |  2.8 |    468 |     12
19:31:18         |  8.9 |  3.4 |    569 |     12
19:31:20         |  8.9 |  3.6 |    602 |     12
19:31:22         |  8.8 |  2.6 |    437 |     12
19:31:24         |  8.6 |  3.6 |    604 |     12
19:31:26         |  9.0 |  2.9 |    485 |     12
19:31:28         |  8.2 |  3.1 |    520 |     12
19:31:30         |  8.8 |  3.0 |    502 |     12
19:31:32         |  8.9 |  2.7 |    453 |     12
19:31:34         |  8.2 |  3.3 |    553 |     12
19:31:36         |  8.5 |  3.3 |    550 |     12
19:31:38         |  8.9 |  2.9 |    486 |     12
19:31:40         |  8.7 |  2.9 |    487 |     12
19:31:42         |  8.4 |  3.1 |    517 |     12
19:31:44         |  8.7 |  3.4 |    567 |     12
19:31:46         |  8.2 |  2.8 |    469 |     12
19:31:48         |  8.8 |  3.1 |    521 |     12
19:31:50         |  8.8 |  2.9 |    484 |     12
19:31:52         |  8.3 |  2.6 |    437 |     12
19:31:54         |  8.5 |  3.0 |    500 |     12
19:31:56         |  8.5 |  3.5 |    586 |     12
19:31:58         |  8.4 |  3.2 |    536 |     12
19:32:00         |  8.2 |  3.2 |    534 |     12
19:32:02         |  8.1 |  3.5 |    581 |     12
19:32:04         |  8.6 |  2.9 |    487 |     12
19:32:06         |  8.5 |  2.9 |    485 |     12
19:32:08         |  8.3 |  3.2 |    538 |     12
19:32:10         |  8.4 |  3.5 |    586 |     12
19:32:12         |  8.0 |  3.3 |    550 |     12
19:32:14         |  8.9 |  3.0 |    501 |     12
19:32:16         |  8.3 |  3.6 |    598 |     12
19:32:18         |  8.1 |  3.1 |    521 |     12
19:32:20         |  8.4 |  3.0 |    502 |     12
19:32:22         |  8.7 |  3.1 |    522 |     12
19:32:24         |  8.6 |  3.5 |    583 |     12
19:32:26         |  8.3 |  3.0 |    501 |     12
19:32:28         |  8.6 |  3.5 |    583 |     12
19:32:30         |  8.5 |  3.5 |    581 |     12
19:32:32         |  8.2 |  3.2 |    537 |     12
19:32:34         |  8.6 |  2.6 |    436 |     12
19:32:36         |  8.2 |  2.8 |    471 |     12
19:32:38         |  8.7 |  3.7 |    620 |     12
19:32:40         |  8.6 |  2.7 |    452 |     12
19:32:42         |  8.4 |  3.5 |    586 |     12
19:32:44         |  8.2 |  3.5 |    584 |     12
19:32:46         |  8.8 |  2.6 |    438 |     12
19:32:48         |  8.4 |  3.4 |    567 |     12
19:32:50         |  8.7 |  3.1 |    518 |     12
19:32:52         |  8.7 |  3.4 |    568 |     12
19:32:54         |  8.8 |  3.4 |    567 |     12
19:32:56         |  8.2 |  3.7 |    613 |     12
19:32:58         |  8.6 |  3.3 |    555 |     12
19:33:00         |  8.3 |  3.1 |    519 |     12
19:33:02         |  8.7 |  3.6 |    601 |     12
19:33:04         |  8.9 |  3.6 |    602 |     12
19:33:06         |  8.0 |  2.9 |    486 |     12
19:33:08         |  9.1 |  3.5 |    585 |     12
19:33:10         |  8.8 |  3.1 |    521 |     12
19:33:12         |  8.5 |  3.3 |    554 |     12
19:33:14         |  9.5 |  3.8 |    632 |     12
19:33:16         |  8.6 |  3.3 |    554 |     12
19:33:18         |  9.5 |  3.4 |    566 |     12
19:33:20         |  9.1 |  3.8 |    634 |     12
19:33:22         |  9.8 |  3.8 |    636 |     12
19:33:24         |  8.8 |  3.7 |    620 |     12
19:33:26         |  9.3 |  3.0 |    504 |     12
19:33:28         |  9.4 |  3.7 |    614 |     12
19:33:30         |  9.8 |  3.5 |    586 |     12
19:33:32         |  9.7 |  4.4 |    735 |     12
19:33:34         |  9.6 |  4.8 |    802 |     12
19:33:36         |  9.5 |  4.9 |    817 |     12
19:33:38         | 10.7 |  5.9 |    980 |     12
19:33:40         | 10.3 |  5.5 |    918 |     12
19:33:42         | 10.6 |  5.9 |    984 |     12
19:33:44         | 10.0 |  6.0 |    999 |     12
19:33:46         | 10.9 |  5.8 |    969 |     12
19:33:48         | 11.3 |  5.8 |    967 |     12
19:33:50         | 11.0 |  6.1 |   1019 |     12